[0.008s] Invoking command in '/home/loic/ros_ws/build/roboto': CMAKE_PREFIX_PATH=${CMAKE_PREFIX_PATH}:/opt/ros/humble /usr/local/bin/cmake --build /home/loic/ros_ws/build/roboto -- -j12 -l12
[0.028s] Invoked command in '/home/loic/ros_ws/build/roboto' returned '0': CMAKE_PREFIX_PATH=${CMAKE_PREFIX_PATH}:/opt/ros/humble /usr/local/bin/cmake --build /home/loic/ros_ws/build/roboto -- -j12 -l12
[0.033s] Invoking command in '/home/loic/ros_ws/build/roboto': CMAKE_PREFIX_PATH=${CMAKE_PREFIX_PATH}:/opt/ros/humble /usr/local/bin/cmake --install /home/loic/ros_ws/build/roboto
[0.036s] -- Install configuration: ""
[0.036s] -- Up-to-date: /home/loic/ros_ws/install/roboto/share/roboto/robo_description
[0.036s] -- Up-to-date: /home/loic/ros_ws/install/roboto/share/roboto/robo_description/urdf
[0.036s] -- Up-to-date: /home/loic/ros_ws/install/roboto/share/roboto/robo_description/urdf/chassi
[0.036s] -- Installing: /home/loic/ros_ws/install/roboto/share/roboto/robo_description/urdf/chassi/robot_gazebo.urdf.xacro
[0.036s] -- Up-to-date: /home/loic/ros_ws/install/roboto/share/roboto/robo_description/urdf/chassi/body.part
[0.036s] -- Up-to-date: /home/loic/ros_ws/install/roboto/share/roboto/robo_description/urdf/chassi/lidar.xacro
[0.036s] -- Up-to-date: /home/loic/ros_ws/install/roboto/share/roboto/robo_description/urdf/chassi/support.part
[0.036s] -- Up-to-date: /home/loic/ros_ws/install/roboto/share/roboto/robo_description/urdf/chassi/body.stl
[0.036s] -- Up-to-date: /home/loic/ros_ws/install/roboto/share/roboto/robo_description/urdf/chassi/gazebo.xacro
[0.037s] -- Up-to-date: /home/loic/ros_ws/install/roboto/share/roboto/robo_description/urdf/chassi/lidar.stl
[0.037s] -- Up-to-date: /home/loic/ros_ws/install/roboto/share/roboto/robo_description/urdf/chassi/robot.urdf.xacro
[0.037s] -- Up-to-date: /home/loic/ros_ws/install/roboto/share/roboto/robo_description/urdf/chassi/lidar.part
[0.037s] -- Up-to-date: /home/loic/ros_ws/install/roboto/share/roboto/robo_description/urdf/chassi/support.stl
[0.037s] -- Up-to-date: /home/loic/ros_ws/install/roboto/share/roboto/robo_description/test.urdf.xacro
[0.037s] -- Up-to-date: /home/loic/ros_ws/install/roboto/share/roboto/robo_description/omni.urdf.xacro
[0.037s] -- Up-to-date: /home/loic/ros_ws/install/roboto/share/roboto/launch
[0.037s] -- Up-to-date: /home/loic/ros_ws/install/roboto/share/roboto/launch/sim_launch.launch.py
[0.037s] -- Up-to-date: /home/loic/ros_ws/install/roboto/share/roboto/launch/test_launch.launch.py
[0.037s] -- Up-to-date: /home/loic/ros_ws/install/roboto/share/roboto/world
[0.037s] -- Up-to-date: /home/loic/ros_ws/install/roboto/share/roboto/world/test_world.sdf
[0.037s] -- Up-to-date: /home/loic/ros_ws/install/roboto/share/ament_index/resource_index/package_run_dependencies/roboto
[0.037s] -- Up-to-date: /home/loic/ros_ws/install/roboto/share/ament_index/resource_index/parent_prefix_path/roboto
[0.037s] -- Up-to-date: /home/loic/ros_ws/install/roboto/share/roboto/environment/ament_prefix_path.sh
[0.037s] -- Up-to-date: /home/loic/ros_ws/install/roboto/share/roboto/environment/ament_prefix_path.dsv
[0.037s] -- Up-to-date: /home/loic/ros_ws/install/roboto/share/roboto/environment/path.sh
[0.038s] -- Up-to-date: /home/loic/ros_ws/install/roboto/share/roboto/environment/path.dsv
[0.038s] -- Up-to-date: /home/loic/ros_ws/install/roboto/share/roboto/local_setup.bash
[0.038s] -- Up-to-date: /home/loic/ros_ws/install/roboto/share/roboto/local_setup.sh
[0.038s] -- Up-to-date: /home/loic/ros_ws/install/roboto/share/roboto/local_setup.zsh
[0.038s] -- Up-to-date: /home/loic/ros_ws/install/roboto/share/roboto/local_setup.dsv
[0.038s] -- Installing: /home/loic/ros_ws/install/roboto/share/roboto/package.dsv
[0.038s] -- Up-to-date: /home/loic/ros_ws/install/roboto/share/ament_index/resource_index/packages/roboto
[0.038s] -- Up-to-date: /home/loic/ros_ws/install/roboto/share/roboto/cmake/robotoConfig.cmake
[0.038s] -- Up-to-date: /home/loic/ros_ws/install/roboto/share/roboto/cmake/robotoConfig-version.cmake
[0.038s] -- Up-to-date: /home/loic/ros_ws/install/roboto/share/roboto/package.xml
[0.039s] Invoked command in '/home/loic/ros_ws/build/roboto' returned '0': CMAKE_PREFIX_PATH=${CMAKE_PREFIX_PATH}:/opt/ros/humble /usr/local/bin/cmake --install /home/loic/ros_ws/build/roboto
