-- Install configuration: ""
-- Up-to-date: /home/loic/ros_ws/install/roboto/share/roboto/robo_description
-- Up-to-date: /home/loic/ros_ws/install/roboto/share/roboto/robo_description/urdf
-- Up-to-date: /home/loic/ros_ws/install/roboto/share/roboto/robo_description/urdf/chassi
-- Up-to-date: /home/loic/ros_ws/install/roboto/share/roboto/robo_description/urdf/chassi/robot_gazebo.urdf.xacro
-- Up-to-date: /home/loic/ros_ws/install/roboto/share/roboto/robo_description/urdf/chassi/body.part
-- Installing: /home/loic/ros_ws/install/roboto/share/roboto/robo_description/urdf/chassi/lidar.xacro
-- Up-to-date: /home/loic/ros_ws/install/roboto/share/roboto/robo_description/urdf/chassi/support.part
-- Up-to-date: /home/loic/ros_ws/install/roboto/share/roboto/robo_description/urdf/chassi/body.stl
-- Up-to-date: /home/loic/ros_ws/install/roboto/share/roboto/robo_description/urdf/chassi/gazebo.xacro
-- Up-to-date: /home/loic/ros_ws/install/roboto/share/roboto/robo_description/urdf/chassi/lidar.stl
-- Up-to-date: /home/loic/ros_ws/install/roboto/share/roboto/robo_description/urdf/chassi/robot.urdf.xacro
-- Up-to-date: /home/loic/ros_ws/install/roboto/share/roboto/robo_description/urdf/chassi/lidar.part
-- Up-to-date: /home/loic/ros_ws/install/roboto/share/roboto/robo_description/urdf/chassi/support.stl
-- Up-to-date: /home/loic/ros_ws/install/roboto/share/roboto/robo_description/test.urdf.xacro
-- Up-to-date: /home/loic/ros_ws/install/roboto/share/roboto/robo_description/omni.urdf.xacro
-- Up-to-date: /home/loic/ros_ws/install/roboto/share/roboto/launch
-- Up-to-date: /home/loic/ros_ws/install/roboto/share/roboto/launch/sim_launch.launch.py
-- Up-to-date: /home/loic/ros_ws/install/roboto/share/roboto/launch/test_launch.launch.py
-- Up-to-date: /home/loic/ros_ws/install/roboto/share/roboto/world
-- Up-to-date: /home/loic/ros_ws/install/roboto/share/roboto/world/building
-- Up-to-date: /home/loic/ros_ws/install/roboto/share/roboto/world/building/testground
-- Up-to-date: /home/loic/ros_ws/install/roboto/share/roboto/world/building/testground/model.sdf
-- Up-to-date: /home/loic/ros_ws/install/roboto/share/roboto/world/building/testground/model.config
-- Up-to-date: /home/loic/ros_ws/install/roboto/share/roboto/world/test_ground
-- Up-to-date: /home/loic/ros_ws/install/roboto/share/ament_index/resource_index/package_run_dependencies/roboto
-- Up-to-date: /home/loic/ros_ws/install/roboto/share/ament_index/resource_index/parent_prefix_path/roboto
-- Up-to-date: /home/loic/ros_ws/install/roboto/share/roboto/environment/ament_prefix_path.sh
-- Up-to-date: /home/loic/ros_ws/install/roboto/share/roboto/environment/ament_prefix_path.dsv
-- Up-to-date: /home/loic/ros_ws/install/roboto/share/roboto/environment/path.sh
-- Up-to-date: /home/loic/ros_ws/install/roboto/share/roboto/environment/path.dsv
-- Up-to-date: /home/loic/ros_ws/install/roboto/share/roboto/local_setup.bash
-- Up-to-date: /home/loic/ros_ws/install/roboto/share/roboto/local_setup.sh
-- Up-to-date: /home/loic/ros_ws/install/roboto/share/roboto/local_setup.zsh
-- Up-to-date: /home/loic/ros_ws/install/roboto/share/roboto/local_setup.dsv
-- Installing: /home/loic/ros_ws/install/roboto/share/roboto/package.dsv
-- Up-to-date: /home/loic/ros_ws/install/roboto/share/ament_index/resource_index/packages/roboto
-- Up-to-date: /home/loic/ros_ws/install/roboto/share/roboto/cmake/robotoConfig.cmake
-- Up-to-date: /home/loic/ros_ws/install/roboto/share/roboto/cmake/robotoConfig-version.cmake
-- Up-to-date: /home/loic/ros_ws/install/roboto/share/roboto/package.xml
