[0.011s] Invoking command in '/home/loic/ros_ws/build/omni_robot_controller': CMAKE_PREFIX_PATH=${CMAKE_PREFIX_PATH}:/opt/ros/humble /usr/local/bin/cmake --build /home/loic/ros_ws/build/omni_robot_controller -- -j12 -l12
[0.031s] Invoked command in '/home/loic/ros_ws/build/omni_robot_controller' returned '0': CMAKE_PREFIX_PATH=${CMAKE_PREFIX_PATH}:/opt/ros/humble /usr/local/bin/cmake --build /home/loic/ros_ws/build/omni_robot_controller -- -j12 -l12
[0.039s] Invoking command in '/home/loic/ros_ws/build/omni_robot_controller': CMAKE_PREFIX_PATH=${CMAKE_PREFIX_PATH}:/opt/ros/humble /usr/local/bin/cmake --install /home/loic/ros_ws/build/omni_robot_controller
[0.042s] -- Install configuration: ""
[0.042s] -- Up-to-date: /home/loic/ros_ws/install/omni_robot_controller/lib/omni_robot_controller/omni_controller.py
[0.042s] -- Up-to-date: /home/loic/ros_ws/install/omni_robot_controller/share/omni_robot_controller/launch
[0.042s] -- Up-to-date: /home/loic/ros_ws/install/omni_robot_controller/share/omni_robot_controller/launch/omni_control.launch.py
[0.042s] -- Up-to-date: /home/loic/ros_ws/install/omni_robot_controller/share/ament_index/resource_index/package_run_dependencies/omni_robot_controller
[0.043s] -- Up-to-date: /home/loic/ros_ws/install/omni_robot_controller/share/ament_index/resource_index/parent_prefix_path/omni_robot_controller
[0.043s] -- Up-to-date: /home/loic/ros_ws/install/omni_robot_controller/share/omni_robot_controller/environment/ament_prefix_path.sh
[0.043s] -- Up-to-date: /home/loic/ros_ws/install/omni_robot_controller/share/omni_robot_controller/environment/ament_prefix_path.dsv
[0.043s] -- Up-to-date: /home/loic/ros_ws/install/omni_robot_controller/share/omni_robot_controller/environment/path.sh
[0.043s] -- Up-to-date: /home/loic/ros_ws/install/omni_robot_controller/share/omni_robot_controller/environment/path.dsv
[0.043s] -- Up-to-date: /home/loic/ros_ws/install/omni_robot_controller/share/omni_robot_controller/local_setup.bash
[0.043s] -- Up-to-date: /home/loic/ros_ws/install/omni_robot_controller/share/omni_robot_controller/local_setup.sh
[0.043s] -- Up-to-date: /home/loic/ros_ws/install/omni_robot_controller/share/omni_robot_controller/local_setup.zsh
[0.043s] -- Up-to-date: /home/loic/ros_ws/install/omni_robot_controller/share/omni_robot_controller/local_setup.dsv
[0.043s] -- Installing: /home/loic/ros_ws/install/omni_robot_controller/share/omni_robot_controller/package.dsv
[0.043s] -- Up-to-date: /home/loic/ros_ws/install/omni_robot_controller/share/ament_index/resource_index/packages/omni_robot_controller
[0.043s] -- Up-to-date: /home/loic/ros_ws/install/omni_robot_controller/share/omni_robot_controller/cmake/omni_robot_controllerConfig.cmake
[0.043s] -- Up-to-date: /home/loic/ros_ws/install/omni_robot_controller/share/omni_robot_controller/cmake/omni_robot_controllerConfig-version.cmake
[0.043s] -- Up-to-date: /home/loic/ros_ws/install/omni_robot_controller/share/omni_robot_controller/package.xml
[0.045s] Invoked command in '/home/loic/ros_ws/build/omni_robot_controller' returned '0': CMAKE_PREFIX_PATH=${CMAKE_PREFIX_PATH}:/opt/ros/humble /usr/local/bin/cmake --install /home/loic/ros_ws/build/omni_robot_controller
