[0.007s] Invoking command in '/home/loic/ros_ws/build/rplidar_ros': /usr/bin/cmake /home/loic/ros_ws/src/rplidar_ros -DCATKIN_INSTALL_INTO_PREFIX_ROOT=0 -DCMAKE_INSTALL_PREFIX=/home/loic/ros_ws/install/rplidar_ros
[0.015s] [0mCMake Deprecation Warning at CMakeLists.txt:1 (cmake_minimum_required):
[0.015s]   Compatibility with CMake < 2.8.12 will be removed from a future version of
[0.015s]   CMake.
[0.015s] 
[0.015s]   Update the VERSION argument <min> value or use a ...<max> suffix to tell
[0.015s]   CMake that the project does not need compatibility with older versions.
[0.015s] 
[0.015s] [0m
[0.030s] [31mCMake Error at CMakeLists.txt:16 (find_package):
[0.030s]   By not providing "Findcatkin.cmake" in CMAKE_MODULE_PATH this project has
[0.030s]   asked CMake to find a package configuration file provided by "catkin", but
[0.030s]   CMake did not find one.
[0.030s] 
[0.030s]   Could not find a package configuration file provided by "catkin" with any
[0.030s]   of the following names:
[0.030s] 
[0.030s]     catkinConfig.cmake
[0.030s]     catkin-config.cmake
[0.030s] 
[0.030s]   Add the installation prefix of "catkin" to CMAKE_PREFIX_PATH or set
[0.030s]   "catkin_DIR" to a directory containing one of the above files.  If "catkin"
[0.031s]   provides a separate development package or SDK, be sure it has been
[0.031s]   installed.
[0.031s] 
[0.031s] [0m
[0.031s] -- Configuring incomplete, errors occurred!
[0.031s] See also "/home/loic/ros_ws/build/rplidar_ros/CMakeFiles/CMakeOutput.log".
[0.032s] Invoked command in '/home/loic/ros_ws/build/rplidar_ros' returned '1': /usr/bin/cmake /home/loic/ros_ws/src/rplidar_ros -DCATKIN_INSTALL_INTO_PREFIX_ROOT=0 -DCMAKE_INSTALL_PREFIX=/home/loic/ros_ws/install/rplidar_ros
