[0.009s] Invoking command in '/home/loic/ros_ws/build/roboto': CMAKE_PREFIX_PATH=/opt/ros/humble /usr/local/bin/cmake --build /home/loic/ros_ws/build/roboto -- -j12 -l12
[0.021s] [0mCMake Deprecation Warning at CMakeLists.txt:1 (cmake_minimum_required):
[0.022s]   Compatibility with CMake < 3.10 will be removed from a future version of
[0.022s]   CMake.
[0.022s] 
[0.022s]   Update the VERSION argument <min> value.  Or, use the <min>...<max> syntax
[0.022s]   to tell CMake that the project requires at least <min> but has been updated
[0.022s]   to work with policies introduced by <max> or earlier.
[0.022s] 
[0.022s] [0m
[0.032s] -- Found ament_cmake: 1.3.11 (/opt/ros/humble/share/ament_cmake/cmake)
[0.199s] -- Found xacro: 2.0.8 (/opt/ros/humble/share/xacro/cmake)
[0.199s] -- Found ament_lint_auto: 0.12.11 (/opt/ros/humble/share/ament_lint_auto/cmake)
[0.258s] -- Added test 'flake8' to check Python code syntax and style conventions
[0.258s] -- Added test 'lint_cmake' to check CMake code style
[0.259s] -- Added test 'pep257' to check Python code against some of the docstring style conventions in PEP 257
[0.259s] -- Added test 'xmllint' to check XML markup files
[0.260s] -- Configuring done (0.2s)
[0.264s] -- Generating done (0.0s)
[0.265s] -- Build files have been written to: /home/loic/ros_ws/build/roboto
[0.276s] Invoked command in '/home/loic/ros_ws/build/roboto' returned '0': CMAKE_PREFIX_PATH=/opt/ros/humble /usr/local/bin/cmake --build /home/loic/ros_ws/build/roboto -- -j12 -l12
[0.283s] Invoking command in '/home/loic/ros_ws/build/roboto': CMAKE_PREFIX_PATH=/opt/ros/humble /usr/local/bin/cmake --install /home/loic/ros_ws/build/roboto
[0.286s] -- Install configuration: ""
[0.286s] -- Up-to-date: /home/loic/ros_ws/install/roboto/share/roboto/robo_description
[0.286s] -- Up-to-date: /home/loic/ros_ws/install/roboto/share/roboto/robo_description/omni.urdf
[0.286s] -- Up-to-date: /home/loic/ros_ws/install/roboto/share/roboto/launch
[0.287s] -- Installing: /home/loic/ros_ws/install/roboto/share/roboto/launch/test_launch.launch.py
[0.287s] -- Up-to-date: /home/loic/ros_ws/install/roboto/share/ament_index/resource_index/package_run_dependencies/roboto
[0.287s] -- Up-to-date: /home/loic/ros_ws/install/roboto/share/ament_index/resource_index/parent_prefix_path/roboto
[0.287s] -- Up-to-date: /home/loic/ros_ws/install/roboto/share/roboto/environment/ament_prefix_path.sh
[0.287s] -- Installing: /home/loic/ros_ws/install/roboto/share/roboto/environment/ament_prefix_path.dsv
[0.287s] -- Up-to-date: /home/loic/ros_ws/install/roboto/share/roboto/environment/path.sh
[0.287s] -- Installing: /home/loic/ros_ws/install/roboto/share/roboto/environment/path.dsv
[0.287s] -- Up-to-date: /home/loic/ros_ws/install/roboto/share/roboto/local_setup.bash
[0.287s] -- Up-to-date: /home/loic/ros_ws/install/roboto/share/roboto/local_setup.sh
[0.287s] -- Up-to-date: /home/loic/ros_ws/install/roboto/share/roboto/local_setup.zsh
[0.287s] -- Installing: /home/loic/ros_ws/install/roboto/share/roboto/local_setup.dsv
[0.287s] -- Installing: /home/loic/ros_ws/install/roboto/share/roboto/package.dsv
[0.288s] -- Up-to-date: /home/loic/ros_ws/install/roboto/share/ament_index/resource_index/packages/roboto
[0.288s] -- Up-to-date: /home/loic/ros_ws/install/roboto/share/roboto/cmake/robotoConfig.cmake
[0.288s] -- Up-to-date: /home/loic/ros_ws/install/roboto/share/roboto/cmake/robotoConfig-version.cmake
[0.288s] -- Up-to-date: /home/loic/ros_ws/install/roboto/share/roboto/package.xml
[0.290s] Invoked command in '/home/loic/ros_ws/build/roboto' returned '0': CMAKE_PREFIX_PATH=/opt/ros/humble /usr/local/bin/cmake --install /home/loic/ros_ws/build/roboto
