[0.014s] Invoking command in '/home/loic/ros_ws/build/omni_robot_controller': CMAKE_PREFIX_PATH=${CMAKE_PREFIX_PATH}:/opt/ros/humble /usr/local/bin/cmake --build /home/loic/ros_ws/build/omni_robot_controller -- -j12 -l12
[0.021s] [0mCMake Deprecation Warning at CMakeLists.txt:1 (cmake_minimum_required):
[0.022s]   Compatibility with CMake < 3.10 will be removed from a future version of
[0.022s]   CMake.
[0.022s] 
[0.022s]   Update the VERSION argument <min> value.  Or, use the <min>...<max> syntax
[0.022s]   to tell CMake that the project requires at least <min> but has been updated
[0.022s]   to work with policies introduced by <max> or earlier.
[0.022s] 
[0.022s] [0m
[0.031s] -- Found ament_cmake: 1.3.11 (/opt/ros/humble/share/ament_cmake/cmake)
[0.207s] -- Found ament_lint_auto: 0.12.11 (/opt/ros/humble/share/ament_lint_auto/cmake)
[0.267s] -- Added test 'flake8' to check Python code syntax and style conventions
[0.268s] -- Added test 'lint_cmake' to check CMake code style
[0.268s] -- Added test 'pep257' to check Python code against some of the docstring style conventions in PEP 257
[0.270s] -- Added test 'xmllint' to check XML markup files
[0.271s] -- Configuring done (0.2s)
[0.275s] -- Generating done (0.0s)
[0.276s] -- Build files have been written to: /home/loic/ros_ws/build/omni_robot_controller
[0.287s] Invoked command in '/home/loic/ros_ws/build/omni_robot_controller' returned '0': CMAKE_PREFIX_PATH=${CMAKE_PREFIX_PATH}:/opt/ros/humble /usr/local/bin/cmake --build /home/loic/ros_ws/build/omni_robot_controller -- -j12 -l12
[0.288s] Invoking command in '/home/loic/ros_ws/build/omni_robot_controller': CMAKE_PREFIX_PATH=${CMAKE_PREFIX_PATH}:/opt/ros/humble /usr/local/bin/cmake --install /home/loic/ros_ws/build/omni_robot_controller
[0.291s] -- Install configuration: ""
[0.291s] -- Up-to-date: /home/loic/ros_ws/install/omni_robot_controller/lib/omni_robot_controller/omni_control.py
[0.291s] -- Up-to-date: /home/loic/ros_ws/install/omni_robot_controller/lib/omni_robot_controller/odom_control.py
[0.291s] -- Up-to-date: /home/loic/ros_ws/install/omni_robot_controller/share/omni_robot_controller/launch
[0.291s] -- Installing: /home/loic/ros_ws/install/omni_robot_controller/share/omni_robot_controller/launch/omni_odom.launch.py
[0.291s] -- Up-to-date: /home/loic/ros_ws/install/omni_robot_controller/share/omni_robot_controller/launch/try_control.launch.py
[0.292s] -- Up-to-date: /home/loic/ros_ws/install/omni_robot_controller/share/omni_robot_controller/launch/omni_control.launch.py
[0.292s] -- Up-to-date: /home/loic/ros_ws/install/omni_robot_controller/share/omni_robot_controller/code
[0.292s] -- Up-to-date: /home/loic/ros_ws/install/omni_robot_controller/share/omni_robot_controller/code/odom_control.py
[0.292s] -- Up-to-date: /home/loic/ros_ws/install/omni_robot_controller/share/omni_robot_controller/code/omni_control.py
[0.292s] -- Installing: /home/loic/ros_ws/install/omni_robot_controller/share/omni_robot_controller/config
[0.292s] -- Installing: /home/loic/ros_ws/install/omni_robot_controller/share/omni_robot_controller/config/odom.yaml
[0.292s] -- Up-to-date: /home/loic/ros_ws/install/omni_robot_controller/share/ament_index/resource_index/package_run_dependencies/omni_robot_controller
[0.292s] -- Up-to-date: /home/loic/ros_ws/install/omni_robot_controller/share/ament_index/resource_index/parent_prefix_path/omni_robot_controller
[0.292s] -- Up-to-date: /home/loic/ros_ws/install/omni_robot_controller/share/omni_robot_controller/environment/ament_prefix_path.sh
[0.292s] -- Installing: /home/loic/ros_ws/install/omni_robot_controller/share/omni_robot_controller/environment/ament_prefix_path.dsv
[0.292s] -- Up-to-date: /home/loic/ros_ws/install/omni_robot_controller/share/omni_robot_controller/environment/path.sh
[0.292s] -- Installing: /home/loic/ros_ws/install/omni_robot_controller/share/omni_robot_controller/environment/path.dsv
[0.292s] -- Up-to-date: /home/loic/ros_ws/install/omni_robot_controller/share/omni_robot_controller/local_setup.bash
[0.293s] -- Up-to-date: /home/loic/ros_ws/install/omni_robot_controller/share/omni_robot_controller/local_setup.sh
[0.293s] -- Up-to-date: /home/loic/ros_ws/install/omni_robot_controller/share/omni_robot_controller/local_setup.zsh
[0.293s] -- Installing: /home/loic/ros_ws/install/omni_robot_controller/share/omni_robot_controller/local_setup.dsv
[0.293s] -- Installing: /home/loic/ros_ws/install/omni_robot_controller/share/omni_robot_controller/package.dsv
[0.294s] -- Up-to-date: /home/loic/ros_ws/install/omni_robot_controller/share/ament_index/resource_index/packages/omni_robot_controller
[0.294s] -- Up-to-date: /home/loic/ros_ws/install/omni_robot_controller/share/omni_robot_controller/cmake/omni_robot_controllerConfig.cmake
[0.294s] -- Up-to-date: /home/loic/ros_ws/install/omni_robot_controller/share/omni_robot_controller/cmake/omni_robot_controllerConfig-version.cmake
[0.294s] -- Up-to-date: /home/loic/ros_ws/install/omni_robot_controller/share/omni_robot_controller/package.xml
[0.296s] Invoked command in '/home/loic/ros_ws/build/omni_robot_controller' returned '0': CMAKE_PREFIX_PATH=${CMAKE_PREFIX_PATH}:/opt/ros/humble /usr/local/bin/cmake --install /home/loic/ros_ws/build/omni_robot_controller
