-- Install configuration: ""
-- Up-to-date: /home/loic/ros_ws/install/omni_robot_controller/share/omni_robot_controller/code
-- Up-to-date: /home/loic/ros_ws/install/omni_robot_controller/share/omni_robot_controller/code/omni_controller.py
-- Up-to-date: /home/loic/ros_ws/install/omni_robot_controller/share/omni_robot_controller/launch
-- Installing: /home/loic/ros_ws/install/omni_robot_controller/share/omni_robot_controller/launch/omni_control.launch.py
-- Up-to-date: /home/loic/ros_ws/install/omni_robot_controller/share/ament_index/resource_index/package_run_dependencies/omni_robot_controller
-- Up-to-date: /home/loic/ros_ws/install/omni_robot_controller/share/ament_index/resource_index/parent_prefix_path/omni_robot_controller
-- Up-to-date: /home/loic/ros_ws/install/omni_robot_controller/share/omni_robot_controller/environment/ament_prefix_path.sh
-- Up-to-date: /home/loic/ros_ws/install/omni_robot_controller/share/omni_robot_controller/environment/ament_prefix_path.dsv
-- Up-to-date: /home/loic/ros_ws/install/omni_robot_controller/share/omni_robot_controller/environment/path.sh
-- Up-to-date: /home/loic/ros_ws/install/omni_robot_controller/share/omni_robot_controller/environment/path.dsv
-- Up-to-date: /home/loic/ros_ws/install/omni_robot_controller/share/omni_robot_controller/local_setup.bash
-- Up-to-date: /home/loic/ros_ws/install/omni_robot_controller/share/omni_robot_controller/local_setup.sh
-- Up-to-date: /home/loic/ros_ws/install/omni_robot_controller/share/omni_robot_controller/local_setup.zsh
-- Up-to-date: /home/loic/ros_ws/install/omni_robot_controller/share/omni_robot_controller/local_setup.dsv
-- Up-to-date: /home/loic/ros_ws/install/omni_robot_controller/share/omni_robot_controller/package.dsv
-- Up-to-date: /home/loic/ros_ws/install/omni_robot_controller/share/ament_index/resource_index/packages/omni_robot_controller
-- Up-to-date: /home/loic/ros_ws/install/omni_robot_controller/share/omni_robot_controller/cmake/omni_robot_controllerConfig.cmake
-- Up-to-date: /home/loic/ros_ws/install/omni_robot_controller/share/omni_robot_controller/cmake/omni_robot_controllerConfig-version.cmake
-- Up-to-date: /home/loic/ros_ws/install/omni_robot_controller/share/omni_robot_controller/package.xml
