[0.009s] Invoking command in '/home/loic/ros_ws/build/roboto': CMAKE_PREFIX_PATH=${CMAKE_PREFIX_PATH}:/opt/ros/humble /usr/local/bin/cmake --build /home/loic/ros_ws/build/roboto -- -j12 -l12
[0.018s] [0mCMake Deprecation Warning at CMakeLists.txt:1 (cmake_minimum_required):
[0.018s]   Compatibility with CMake < 3.10 will be removed from a future version of
[0.018s]   CMake.
[0.018s] 
[0.018s]   Update the VERSION argument <min> value.  Or, use the <min>...<max> syntax
[0.018s]   to tell CMake that the project requires at least <min> but has been updated
[0.018s]   to work with policies introduced by <max> or earlier.
[0.018s] 
[0.018s] [0m
[0.027s] -- Found ament_cmake: 1.3.11 (/opt/ros/humble/share/ament_cmake/cmake)
[0.191s] -- Found xacro: 2.0.8 (/opt/ros/humble/share/xacro/cmake)
[0.191s] -- Found ament_lint_auto: 0.12.11 (/opt/ros/humble/share/ament_lint_auto/cmake)
[0.247s] -- Added test 'flake8' to check Python code syntax and style conventions
[0.247s] -- Added test 'lint_cmake' to check CMake code style
[0.248s] -- Added test 'pep257' to check Python code against some of the docstring style conventions in PEP 257
[0.249s] -- Added test 'xmllint' to check XML markup files
[0.250s] -- Configuring done (0.2s)
[0.254s] -- Generating done (0.0s)
[0.255s] -- Build files have been written to: /home/loic/ros_ws/build/roboto
[0.267s] Invoked command in '/home/loic/ros_ws/build/roboto' returned '0': CMAKE_PREFIX_PATH=${CMAKE_PREFIX_PATH}:/opt/ros/humble /usr/local/bin/cmake --build /home/loic/ros_ws/build/roboto -- -j12 -l12
[0.272s] Invoking command in '/home/loic/ros_ws/build/roboto': CMAKE_PREFIX_PATH=${CMAKE_PREFIX_PATH}:/opt/ros/humble /usr/local/bin/cmake --install /home/loic/ros_ws/build/roboto
[0.274s] -- Install configuration: ""
[0.274s] -- Up-to-date: /home/loic/ros_ws/install/roboto/share/roboto/robo_description
[0.275s] -- Up-to-date: /home/loic/ros_ws/install/roboto/share/roboto/robo_description/urdf
[0.275s] -- Up-to-date: /home/loic/ros_ws/install/roboto/share/roboto/robo_description/urdf/chassi
[0.275s] -- Up-to-date: /home/loic/ros_ws/install/roboto/share/roboto/robo_description/urdf/chassi/body.part
[0.275s] -- Up-to-date: /home/loic/ros_ws/install/roboto/share/roboto/robo_description/urdf/chassi/lidar.xacro
[0.275s] -- Up-to-date: /home/loic/ros_ws/install/roboto/share/roboto/robo_description/urdf/chassi/support.part
[0.275s] -- Up-to-date: /home/loic/ros_ws/install/roboto/share/roboto/robo_description/urdf/chassi/body.stl
[0.275s] -- Up-to-date: /home/loic/ros_ws/install/roboto/share/roboto/robo_description/urdf/chassi/lidar.stl
[0.275s] -- Installing: /home/loic/ros_ws/install/roboto/share/roboto/robo_description/urdf/chassi/robot.urdf.xacro
[0.275s] -- Up-to-date: /home/loic/ros_ws/install/roboto/share/roboto/robo_description/urdf/chassi/lidar.part
[0.275s] -- Up-to-date: /home/loic/ros_ws/install/roboto/share/roboto/robo_description/urdf/chassi/support.stl
[0.275s] -- Up-to-date: /home/loic/ros_ws/install/roboto/share/roboto/robo_description/test.urdf.xacro
[0.275s] -- Up-to-date: /home/loic/ros_ws/install/roboto/share/roboto/robo_description/omni.urdf.xacro
[0.276s] -- Up-to-date: /home/loic/ros_ws/install/roboto/share/roboto/launch
[0.276s] -- Up-to-date: /home/loic/ros_ws/install/roboto/share/roboto/launch/test_launch.launch.py
[0.276s] -- Installing: /home/loic/ros_ws/install/roboto/share/ament_index/resource_index/package_run_dependencies/roboto
[0.276s] -- Up-to-date: /home/loic/ros_ws/install/roboto/share/ament_index/resource_index/parent_prefix_path/roboto
[0.276s] -- Up-to-date: /home/loic/ros_ws/install/roboto/share/roboto/environment/ament_prefix_path.sh
[0.276s] -- Installing: /home/loic/ros_ws/install/roboto/share/roboto/environment/ament_prefix_path.dsv
[0.276s] -- Up-to-date: /home/loic/ros_ws/install/roboto/share/roboto/environment/path.sh
[0.276s] -- Installing: /home/loic/ros_ws/install/roboto/share/roboto/environment/path.dsv
[0.276s] -- Up-to-date: /home/loic/ros_ws/install/roboto/share/roboto/local_setup.bash
[0.276s] -- Up-to-date: /home/loic/ros_ws/install/roboto/share/roboto/local_setup.sh
[0.276s] -- Up-to-date: /home/loic/ros_ws/install/roboto/share/roboto/local_setup.zsh
[0.276s] -- Installing: /home/loic/ros_ws/install/roboto/share/roboto/local_setup.dsv
[0.277s] -- Installing: /home/loic/ros_ws/install/roboto/share/roboto/package.dsv
[0.277s] -- Up-to-date: /home/loic/ros_ws/install/roboto/share/ament_index/resource_index/packages/roboto
[0.277s] -- Up-to-date: /home/loic/ros_ws/install/roboto/share/roboto/cmake/robotoConfig.cmake
[0.277s] -- Up-to-date: /home/loic/ros_ws/install/roboto/share/roboto/cmake/robotoConfig-version.cmake
[0.277s] -- Installing: /home/loic/ros_ws/install/roboto/share/roboto/package.xml
[0.278s] Invoked command in '/home/loic/ros_ws/build/roboto' returned '0': CMAKE_PREFIX_PATH=${CMAKE_PREFIX_PATH}:/opt/ros/humble /usr/local/bin/cmake --install /home/loic/ros_ws/build/roboto
