[0.008s] Invoking command in '/home/loic/ros_ws/build/roboto': CMAKE_PREFIX_PATH=/opt/ros/humble /usr/local/bin/cmake /home/loic/ros_ws/src/roboto -DCMAKE_INSTALL_PREFIX=/home/loic/ros_ws/install/roboto
[0.011s] [0mCMake Deprecation Warning at CMakeLists.txt:1 (cmake_minimum_required):
[0.011s]   Compatibility with CMake < 3.10 will be removed from a future version of
[0.011s]   CMake.
[0.011s] 
[0.011s]   Update the VERSION argument <min> value.  Or, use the <min>...<max> syntax
[0.011s]   to tell CMake that the project requires at least <min> but has been updated
[0.011s]   to work with policies introduced by <max> or earlier.
[0.011s] 
[0.011s] [0m
[0.049s] -- The C compiler identification is GNU 11.4.0
[0.094s] -- The CXX compiler identification is GNU 11.4.0
[0.101s] -- Detecting C compiler ABI info
[0.155s] -- Detecting C compiler ABI info - done
[0.168s] -- Check for working C compiler: /usr/bin/cc - skipped
[0.168s] -- Detecting C compile features
[0.169s] -- Detecting C compile features - done
[0.178s] -- Detecting CXX compiler ABI info
[0.240s] -- Detecting CXX compiler ABI info - done
[0.253s] -- Check for working CXX compiler: /usr/bin/c++ - skipped
[0.254s] -- Detecting CXX compile features
[0.254s] -- Detecting CXX compile features - done
[0.261s] -- Found ament_cmake: 1.3.11 (/opt/ros/humble/share/ament_cmake/cmake)
[0.363s] -- Found Python3: /usr/bin/python3 (found version "3.10.12") found components: Interpreter
[0.432s] -- Found ament_lint_auto: 0.12.11 (/opt/ros/humble/share/ament_lint_auto/cmake)
[0.490s] -- Added test 'flake8' to check Python code syntax and style conventions
[0.490s] -- Added test 'lint_cmake' to check CMake code style
[0.491s] -- Added test 'pep257' to check Python code against some of the docstring style conventions in PEP 257
[0.491s] -- Added test 'xmllint' to check XML markup files
[0.492s] -- Configuring done (0.5s)
[0.496s] -- Generating done (0.0s)
[0.497s] -- Build files have been written to: /home/loic/ros_ws/build/roboto
[0.501s] Invoked command in '/home/loic/ros_ws/build/roboto' returned '0': CMAKE_PREFIX_PATH=/opt/ros/humble /usr/local/bin/cmake /home/loic/ros_ws/src/roboto -DCMAKE_INSTALL_PREFIX=/home/loic/ros_ws/install/roboto
[0.502s] Invoking command in '/home/loic/ros_ws/build/roboto': CMAKE_PREFIX_PATH=/opt/ros/humble /usr/local/bin/cmake --build /home/loic/ros_ws/build/roboto -- -j12 -l12
[0.519s] Invoked command in '/home/loic/ros_ws/build/roboto' returned '0': CMAKE_PREFIX_PATH=/opt/ros/humble /usr/local/bin/cmake --build /home/loic/ros_ws/build/roboto -- -j12 -l12
[0.524s] Invoking command in '/home/loic/ros_ws/build/roboto': CMAKE_PREFIX_PATH=/opt/ros/humble /usr/local/bin/cmake --install /home/loic/ros_ws/build/roboto
[0.526s] -- Install configuration: ""
[0.526s] -- Installing: /home/loic/ros_ws/install/roboto/share/roboto/robo_description
[0.526s] -- Installing: /home/loic/ros_ws/install/roboto/share/roboto/robo_description/omni.urdf.xacro
[0.526s] [31mCMake Error at cmake_install.cmake:46 (file):
[0.526s]   file INSTALL cannot find "/home/loic/ros_ws/src/roboto/launch": No such
[0.526s]   file or directory.
[0.526s] 
[0.526s] [0m
[0.528s] Invoked command in '/home/loic/ros_ws/build/roboto' returned '1': CMAKE_PREFIX_PATH=/opt/ros/humble /usr/local/bin/cmake --install /home/loic/ros_ws/build/roboto
