[0.008s] Invoking command in '/home/loic/ros_ws/build/roboto': CMAKE_PREFIX_PATH=/opt/ros/humble /usr/local/bin/cmake --build /home/loic/ros_ws/build/roboto -- -j12 -l12
[0.025s] Invoked command in '/home/loic/ros_ws/build/roboto' returned '0': CMAKE_PREFIX_PATH=/opt/ros/humble /usr/local/bin/cmake --build /home/loic/ros_ws/build/roboto -- -j12 -l12
[0.031s] Invoking command in '/home/loic/ros_ws/build/roboto': CMAKE_PREFIX_PATH=/opt/ros/humble /usr/local/bin/cmake --install /home/loic/ros_ws/build/roboto
[0.034s] -- Install configuration: ""
[0.035s] -- Up-to-date: /home/loic/ros_ws/install/roboto/share/roboto/robo_description
[0.035s] -- Up-to-date: /home/loic/ros_ws/install/roboto/share/roboto/robo_description/omni.urdf.xacro
[0.035s] -- Up-to-date: /home/loic/ros_ws/install/roboto/share/roboto/launch
[0.035s] -- Installing: /home/loic/ros_ws/install/roboto/share/roboto/launch/test_launch.launch.py
[0.035s] -- Up-to-date: /home/loic/ros_ws/install/roboto/share/ament_index/resource_index/package_run_dependencies/roboto
[0.035s] -- Up-to-date: /home/loic/ros_ws/install/roboto/share/ament_index/resource_index/parent_prefix_path/roboto
[0.035s] -- Up-to-date: /home/loic/ros_ws/install/roboto/share/roboto/environment/ament_prefix_path.sh
[0.035s] -- Up-to-date: /home/loic/ros_ws/install/roboto/share/roboto/environment/ament_prefix_path.dsv
[0.036s] -- Up-to-date: /home/loic/ros_ws/install/roboto/share/roboto/environment/path.sh
[0.036s] -- Up-to-date: /home/loic/ros_ws/install/roboto/share/roboto/environment/path.dsv
[0.036s] -- Up-to-date: /home/loic/ros_ws/install/roboto/share/roboto/local_setup.bash
[0.036s] -- Up-to-date: /home/loic/ros_ws/install/roboto/share/roboto/local_setup.sh
[0.036s] -- Up-to-date: /home/loic/ros_ws/install/roboto/share/roboto/local_setup.zsh
[0.036s] -- Up-to-date: /home/loic/ros_ws/install/roboto/share/roboto/local_setup.dsv
[0.036s] -- Installing: /home/loic/ros_ws/install/roboto/share/roboto/package.dsv
[0.036s] -- Up-to-date: /home/loic/ros_ws/install/roboto/share/ament_index/resource_index/packages/roboto
[0.036s] -- Up-to-date: /home/loic/ros_ws/install/roboto/share/roboto/cmake/robotoConfig.cmake
[0.036s] -- Up-to-date: /home/loic/ros_ws/install/roboto/share/roboto/cmake/robotoConfig-version.cmake
[0.037s] -- Up-to-date: /home/loic/ros_ws/install/roboto/share/roboto/package.xml
[0.037s] Invoked command in '/home/loic/ros_ws/build/roboto' returned '0': CMAKE_PREFIX_PATH=/opt/ros/humble /usr/local/bin/cmake --install /home/loic/ros_ws/build/roboto
