[0.089s] DEBUG:colcon:Command line arguments: ['/usr/bin/colcon', 'build']
[0.089s] DEBUG:colcon:Parsed command line arguments: Namespace(log_base=None, log_level=None, verb_name='build', build_base='build', install_base='install', merge_install=False, symlink_install=False, test_result_base=None, continue_on_error=False, executor='parallel', parallel_workers=12, event_handlers=None, ignore_user_meta=False, metas=['./colcon.meta'], base_paths=['.'], packages_ignore=None, packages_ignore_regex=None, paths=None, packages_up_to=None, packages_up_to_regex=None, packages_above=None, packages_above_and_dependencies=None, packages_above_depth=None, packages_select_by_dep=None, packages_skip_by_dep=None, packages_skip_up_to=None, packages_select_build_failed=False, packages_skip_build_finished=False, packages_select_test_failures=False, packages_skip_test_passed=False, packages_select=None, packages_skip=None, packages_select_regex=None, packages_skip_regex=None, packages_start=None, packages_end=None, allow_overriding=[], cmake_args=None, cmake_target=None, cmake_target_skip_unavailable=False, cmake_clean_cache=False, cmake_clean_first=False, cmake_force_configure=False, ament_cmake_args=None, catkin_cmake_args=None, catkin_skip_building_tests=False, mixin_files=None, mixin=None, verb_parser=<colcon_mixin.mixin.mixin_argument.MixinArgumentDecorator object at 0x7f261733f220>, verb_extension=<colcon_core.verb.build.BuildVerb object at 0x7f261733eb90>, main=<bound method BuildVerb.main of <colcon_core.verb.build.BuildVerb object at 0x7f261733eb90>>, mixin_verb=('build',))
[0.235s] Level 1:colcon.colcon_core.package_discovery:discover_packages(colcon_meta) check parameters
[0.235s] Level 1:colcon.colcon_core.package_discovery:discover_packages(recursive) check parameters
[0.236s] Level 1:colcon.colcon_core.package_discovery:discover_packages(ignore) check parameters
[0.236s] Level 1:colcon.colcon_core.package_discovery:discover_packages(path) check parameters
[0.246s] Level 1:colcon.colcon_core.package_discovery:discover_packages(colcon_meta) discover
[0.246s] Level 1:colcon.colcon_core.package_discovery:discover_packages(recursive) discover
[0.247s] INFO:colcon.colcon_core.package_discovery:Crawling recursively for packages in '/home/loic/ros_ws'
[0.247s] Level 1:colcon.colcon_core.package_identification:_identify(.) by extensions ['ignore', 'ignore_ament_install']
[0.247s] Level 1:colcon.colcon_core.package_identification:_identify(.) by extension 'ignore'
[0.247s] Level 1:colcon.colcon_core.package_identification:_identify(.) by extension 'ignore_ament_install'
[0.248s] Level 1:colcon.colcon_core.package_identification:_identify(.) by extensions ['colcon_pkg']
[0.248s] Level 1:colcon.colcon_core.package_identification:_identify(.) by extension 'colcon_pkg'
[0.248s] Level 1:colcon.colcon_core.package_identification:_identify(.) by extensions ['colcon_meta']
[0.248s] Level 1:colcon.colcon_core.package_identification:_identify(.) by extension 'colcon_meta'
[0.248s] Level 1:colcon.colcon_core.package_identification:_identify(.) by extensions ['ros']
[0.248s] Level 1:colcon.colcon_core.package_identification:_identify(.) by extension 'ros'
[0.257s] Level 1:colcon.colcon_core.package_identification:_identify(.) by extensions ['cmake', 'python']
[0.257s] Level 1:colcon.colcon_core.package_identification:_identify(.) by extension 'cmake'
[0.257s] Level 1:colcon.colcon_core.package_identification:_identify(.) by extension 'python'
[0.257s] Level 1:colcon.colcon_core.package_identification:_identify(.) by extensions ['python_setup_py']
[0.257s] Level 1:colcon.colcon_core.package_identification:_identify(.) by extension 'python_setup_py'
[0.257s] Level 1:colcon.colcon_core.package_identification:_identify(build) by extensions ['ignore', 'ignore_ament_install']
[0.257s] Level 1:colcon.colcon_core.package_identification:_identify(build) by extension 'ignore'
[0.257s] Level 1:colcon.colcon_core.package_identification:_identify(build) ignored
[0.257s] Level 1:colcon.colcon_core.package_identification:_identify(install) by extensions ['ignore', 'ignore_ament_install']
[0.257s] Level 1:colcon.colcon_core.package_identification:_identify(install) by extension 'ignore'
[0.257s] Level 1:colcon.colcon_core.package_identification:_identify(install) ignored
[0.257s] Level 1:colcon.colcon_core.package_identification:_identify(log) by extensions ['ignore', 'ignore_ament_install']
[0.258s] Level 1:colcon.colcon_core.package_identification:_identify(log) by extension 'ignore'
[0.258s] Level 1:colcon.colcon_core.package_identification:_identify(log) ignored
[0.258s] Level 1:colcon.colcon_core.package_identification:_identify(src) by extensions ['ignore', 'ignore_ament_install']
[0.258s] Level 1:colcon.colcon_core.package_identification:_identify(src) by extension 'ignore'
[0.258s] Level 1:colcon.colcon_core.package_identification:_identify(src) by extension 'ignore_ament_install'
[0.258s] Level 1:colcon.colcon_core.package_identification:_identify(src) by extensions ['colcon_pkg']
[0.258s] Level 1:colcon.colcon_core.package_identification:_identify(src) by extension 'colcon_pkg'
[0.258s] Level 1:colcon.colcon_core.package_identification:_identify(src) by extensions ['colcon_meta']
[0.258s] Level 1:colcon.colcon_core.package_identification:_identify(src) by extension 'colcon_meta'
[0.258s] Level 1:colcon.colcon_core.package_identification:_identify(src) by extensions ['ros']
[0.258s] Level 1:colcon.colcon_core.package_identification:_identify(src) by extension 'ros'
[0.258s] Level 1:colcon.colcon_core.package_identification:_identify(src) by extensions ['cmake', 'python']
[0.258s] Level 1:colcon.colcon_core.package_identification:_identify(src) by extension 'cmake'
[0.258s] Level 1:colcon.colcon_core.package_identification:_identify(src) by extension 'python'
[0.258s] Level 1:colcon.colcon_core.package_identification:_identify(src) by extensions ['python_setup_py']
[0.258s] Level 1:colcon.colcon_core.package_identification:_identify(src) by extension 'python_setup_py'
[0.258s] Level 1:colcon.colcon_core.package_identification:_identify(src/omni_robot_controller) by extensions ['ignore', 'ignore_ament_install']
[0.258s] Level 1:colcon.colcon_core.package_identification:_identify(src/omni_robot_controller) by extension 'ignore'
[0.258s] Level 1:colcon.colcon_core.package_identification:_identify(src/omni_robot_controller) by extension 'ignore_ament_install'
[0.258s] Level 1:colcon.colcon_core.package_identification:_identify(src/omni_robot_controller) by extensions ['colcon_pkg']
[0.258s] Level 1:colcon.colcon_core.package_identification:_identify(src/omni_robot_controller) by extension 'colcon_pkg'
[0.258s] Level 1:colcon.colcon_core.package_identification:_identify(src/omni_robot_controller) by extensions ['colcon_meta']
[0.258s] Level 1:colcon.colcon_core.package_identification:_identify(src/omni_robot_controller) by extension 'colcon_meta'
[0.258s] Level 1:colcon.colcon_core.package_identification:_identify(src/omni_robot_controller) by extensions ['ros']
[0.259s] Level 1:colcon.colcon_core.package_identification:_identify(src/omni_robot_controller) by extension 'ros'
[0.260s] DEBUG:colcon.colcon_core.package_identification:Package 'src/omni_robot_controller' with type 'ros.ament_cmake' and name 'omni_robot_controller'
[0.260s] Level 1:colcon.colcon_core.package_identification:_identify(src/roboto) by extensions ['ignore', 'ignore_ament_install']
[0.260s] Level 1:colcon.colcon_core.package_identification:_identify(src/roboto) by extension 'ignore'
[0.260s] Level 1:colcon.colcon_core.package_identification:_identify(src/roboto) by extension 'ignore_ament_install'
[0.261s] Level 1:colcon.colcon_core.package_identification:_identify(src/roboto) by extensions ['colcon_pkg']
[0.261s] Level 1:colcon.colcon_core.package_identification:_identify(src/roboto) by extension 'colcon_pkg'
[0.261s] Level 1:colcon.colcon_core.package_identification:_identify(src/roboto) by extensions ['colcon_meta']
[0.261s] Level 1:colcon.colcon_core.package_identification:_identify(src/roboto) by extension 'colcon_meta'
[0.261s] Level 1:colcon.colcon_core.package_identification:_identify(src/roboto) by extensions ['ros']
[0.261s] Level 1:colcon.colcon_core.package_identification:_identify(src/roboto) by extension 'ros'
[0.261s] DEBUG:colcon.colcon_core.package_identification:Package 'src/roboto' with type 'ros.ament_cmake' and name 'roboto'
[0.261s] Level 1:colcon.colcon_core.package_discovery:discover_packages(recursive) using defaults
[0.261s] Level 1:colcon.colcon_core.package_discovery:discover_packages(ignore) discover
[0.261s] Level 1:colcon.colcon_core.package_discovery:discover_packages(ignore) using defaults
[0.261s] Level 1:colcon.colcon_core.package_discovery:discover_packages(path) discover
[0.261s] Level 1:colcon.colcon_core.package_discovery:discover_packages(path) using defaults
[0.288s] Level 1:colcon.colcon_core.package_discovery:discover_packages(prefix_path) check parameters
[0.288s] Level 1:colcon.colcon_core.package_discovery:discover_packages(prefix_path) discover
[0.290s] DEBUG:colcon.colcon_installed_package_information.package_discovery:Found 3 installed packages in /home/loic/ros_ws/install
[0.291s] DEBUG:colcon.colcon_installed_package_information.package_discovery:Found 334 installed packages in /opt/ros/humble
[0.292s] Level 1:colcon.colcon_core.package_discovery:discover_packages(prefix_path) using defaults
[0.326s] Level 5:colcon.colcon_core.verb:set package 'omni_robot_controller' build argument 'cmake_args' from command line to 'None'
[0.326s] Level 5:colcon.colcon_core.verb:set package 'omni_robot_controller' build argument 'cmake_target' from command line to 'None'
[0.327s] Level 5:colcon.colcon_core.verb:set package 'omni_robot_controller' build argument 'cmake_target_skip_unavailable' from command line to 'False'
[0.327s] Level 5:colcon.colcon_core.verb:set package 'omni_robot_controller' build argument 'cmake_clean_cache' from command line to 'False'
[0.327s] Level 5:colcon.colcon_core.verb:set package 'omni_robot_controller' build argument 'cmake_clean_first' from command line to 'False'
[0.327s] Level 5:colcon.colcon_core.verb:set package 'omni_robot_controller' build argument 'cmake_force_configure' from command line to 'False'
[0.327s] Level 5:colcon.colcon_core.verb:set package 'omni_robot_controller' build argument 'ament_cmake_args' from command line to 'None'
[0.327s] Level 5:colcon.colcon_core.verb:set package 'omni_robot_controller' build argument 'catkin_cmake_args' from command line to 'None'
[0.327s] Level 5:colcon.colcon_core.verb:set package 'omni_robot_controller' build argument 'catkin_skip_building_tests' from command line to 'False'
[0.327s] DEBUG:colcon.colcon_core.verb:Building package 'omni_robot_controller' with the following arguments: {'ament_cmake_args': None, 'build_base': '/home/loic/ros_ws/build/omni_robot_controller', 'catkin_cmake_args': None, 'catkin_skip_building_tests': False, 'cmake_args': None, 'cmake_clean_cache': False, 'cmake_clean_first': False, 'cmake_force_configure': False, 'cmake_target': None, 'cmake_target_skip_unavailable': False, 'install_base': '/home/loic/ros_ws/install/omni_robot_controller', 'merge_install': False, 'path': '/home/loic/ros_ws/src/omni_robot_controller', 'symlink_install': False, 'test_result_base': None}
[0.327s] Level 5:colcon.colcon_core.verb:set package 'roboto' build argument 'cmake_args' from command line to 'None'
[0.327s] Level 5:colcon.colcon_core.verb:set package 'roboto' build argument 'cmake_target' from command line to 'None'
[0.327s] Level 5:colcon.colcon_core.verb:set package 'roboto' build argument 'cmake_target_skip_unavailable' from command line to 'False'
[0.327s] Level 5:colcon.colcon_core.verb:set package 'roboto' build argument 'cmake_clean_cache' from command line to 'False'
[0.327s] Level 5:colcon.colcon_core.verb:set package 'roboto' build argument 'cmake_clean_first' from command line to 'False'
[0.327s] Level 5:colcon.colcon_core.verb:set package 'roboto' build argument 'cmake_force_configure' from command line to 'False'
[0.327s] Level 5:colcon.colcon_core.verb:set package 'roboto' build argument 'ament_cmake_args' from command line to 'None'
[0.327s] Level 5:colcon.colcon_core.verb:set package 'roboto' build argument 'catkin_cmake_args' from command line to 'None'
[0.327s] Level 5:colcon.colcon_core.verb:set package 'roboto' build argument 'catkin_skip_building_tests' from command line to 'False'
[0.327s] DEBUG:colcon.colcon_core.verb:Building package 'roboto' with the following arguments: {'ament_cmake_args': None, 'build_base': '/home/loic/ros_ws/build/roboto', 'catkin_cmake_args': None, 'catkin_skip_building_tests': False, 'cmake_args': None, 'cmake_clean_cache': False, 'cmake_clean_first': False, 'cmake_force_configure': False, 'cmake_target': None, 'cmake_target_skip_unavailable': False, 'install_base': '/home/loic/ros_ws/install/roboto', 'merge_install': False, 'path': '/home/loic/ros_ws/src/roboto', 'symlink_install': False, 'test_result_base': None}
[0.327s] INFO:colcon.colcon_core.executor:Executing jobs using 'parallel' executor
[0.328s] DEBUG:colcon.colcon_parallel_executor.executor.parallel:run_until_complete
[0.328s] INFO:colcon.colcon_ros.task.ament_cmake.build:Building ROS package in '/home/loic/ros_ws/src/omni_robot_controller' with build type 'ament_cmake'
[0.329s] INFO:colcon.colcon_cmake.task.cmake.build:Building CMake package in '/home/loic/ros_ws/src/omni_robot_controller'
[0.330s] INFO:colcon.colcon_core.plugin_system:Skipping extension 'colcon_core.shell.bat': Not used on non-Windows systems
[0.330s] INFO:colcon.colcon_core.shell:Skip shell extension 'powershell' for command environment: Not usable outside of PowerShell
[0.330s] DEBUG:colcon.colcon_core.shell:Skip shell extension 'dsv' for command environment
[0.333s] INFO:colcon.colcon_ros.task.ament_cmake.build:Building ROS package in '/home/loic/ros_ws/src/roboto' with build type 'ament_cmake'
[0.334s] INFO:colcon.colcon_cmake.task.cmake.build:Building CMake package in '/home/loic/ros_ws/src/roboto'
[0.334s] INFO:colcon.colcon_core.shell:Skip shell extension 'powershell' for command environment: Not usable outside of PowerShell
[0.334s] DEBUG:colcon.colcon_core.shell:Skip shell extension 'dsv' for command environment
[0.342s] DEBUG:colcon.colcon_core.event_handler.log_command:Invoking command in '/home/loic/ros_ws/build/omni_robot_controller': CMAKE_PREFIX_PATH=${CMAKE_PREFIX_PATH}:/opt/ros/humble /usr/local/bin/cmake --build /home/loic/ros_ws/build/omni_robot_controller -- -j12 -l12
[0.346s] DEBUG:colcon.colcon_core.event_handler.log_command:Invoking command in '/home/loic/ros_ws/build/roboto': CMAKE_PREFIX_PATH=${CMAKE_PREFIX_PATH}:/opt/ros/humble /usr/local/bin/cmake --build /home/loic/ros_ws/build/roboto -- -j12 -l12
[0.358s] DEBUG:colcon.colcon_core.event_handler.log_command:Invoked command in '/home/loic/ros_ws/build/omni_robot_controller' returned '0': CMAKE_PREFIX_PATH=${CMAKE_PREFIX_PATH}:/opt/ros/humble /usr/local/bin/cmake --build /home/loic/ros_ws/build/omni_robot_controller -- -j12 -l12
[0.364s] DEBUG:colcon.colcon_core.event_handler.log_command:Invoking command in '/home/loic/ros_ws/build/omni_robot_controller': CMAKE_PREFIX_PATH=${CMAKE_PREFIX_PATH}:/opt/ros/humble /usr/local/bin/cmake --install /home/loic/ros_ws/build/omni_robot_controller
[0.365s] DEBUG:colcon.colcon_core.event_handler.log_command:Invoked command in '/home/loic/ros_ws/build/roboto' returned '0': CMAKE_PREFIX_PATH=${CMAKE_PREFIX_PATH}:/opt/ros/humble /usr/local/bin/cmake --build /home/loic/ros_ws/build/roboto -- -j12 -l12
[0.366s] DEBUG:colcon.colcon_core.event_handler.log_command:Invoking command in '/home/loic/ros_ws/build/roboto': CMAKE_PREFIX_PATH=${CMAKE_PREFIX_PATH}:/opt/ros/humble /usr/local/bin/cmake --install /home/loic/ros_ws/build/roboto
[0.370s] Level 1:colcon.colcon_core.environment:create_environment_scripts_only(omni_robot_controller)
[0.373s] DEBUG:colcon.colcon_core.event_handler.log_command:Invoked command in '/home/loic/ros_ws/build/omni_robot_controller' returned '0': CMAKE_PREFIX_PATH=${CMAKE_PREFIX_PATH}:/opt/ros/humble /usr/local/bin/cmake --install /home/loic/ros_ws/build/omni_robot_controller
[0.376s] Level 1:colcon.colcon_core.environment:checking '/home/loic/ros_ws/install/omni_robot_controller' for CMake module files
[0.376s] Level 1:colcon.colcon_core.environment:checking '/home/loic/ros_ws/install/omni_robot_controller' for CMake config files
[0.377s] Level 1:colcon.colcon_core.shell:create_environment_hook('omni_robot_controller', 'cmake_prefix_path')
[0.377s] INFO:colcon.colcon_core.shell:Creating environment hook '/home/loic/ros_ws/install/omni_robot_controller/share/omni_robot_controller/hook/cmake_prefix_path.ps1'
[0.377s] INFO:colcon.colcon_core.shell:Creating environment descriptor '/home/loic/ros_ws/install/omni_robot_controller/share/omni_robot_controller/hook/cmake_prefix_path.dsv'
[0.378s] INFO:colcon.colcon_core.shell:Creating environment hook '/home/loic/ros_ws/install/omni_robot_controller/share/omni_robot_controller/hook/cmake_prefix_path.sh'
[0.378s] Level 1:colcon.colcon_core.environment:checking '/home/loic/ros_ws/install/omni_robot_controller/lib'
[0.379s] Level 1:colcon.colcon_core.environment:checking '/home/loic/ros_ws/install/omni_robot_controller/bin'
[0.379s] Level 1:colcon.colcon_core.environment:checking '/home/loic/ros_ws/install/omni_robot_controller/lib/pkgconfig/omni_robot_controller.pc'
[0.379s] Level 1:colcon.colcon_core.environment:checking '/home/loic/ros_ws/install/omni_robot_controller/lib/python3.10/site-packages'
[0.379s] Level 1:colcon.colcon_core.environment:checking '/home/loic/ros_ws/install/omni_robot_controller/bin'
[0.379s] INFO:colcon.colcon_core.shell:Creating package script '/home/loic/ros_ws/install/omni_robot_controller/share/omni_robot_controller/package.ps1'
[0.380s] INFO:colcon.colcon_core.shell:Creating package descriptor '/home/loic/ros_ws/install/omni_robot_controller/share/omni_robot_controller/package.dsv'
[0.380s] INFO:colcon.colcon_core.shell:Creating package script '/home/loic/ros_ws/install/omni_robot_controller/share/omni_robot_controller/package.sh'
[0.381s] INFO:colcon.colcon_core.shell:Creating package script '/home/loic/ros_ws/install/omni_robot_controller/share/omni_robot_controller/package.bash'
[0.381s] INFO:colcon.colcon_core.shell:Creating package script '/home/loic/ros_ws/install/omni_robot_controller/share/omni_robot_controller/package.zsh'
[0.382s] Level 1:colcon.colcon_core.environment:create_file_with_runtime_dependencies(/home/loic/ros_ws/install/omni_robot_controller/share/colcon-core/packages/omni_robot_controller)
[0.382s] Level 1:colcon.colcon_core.environment:create_environment_scripts_only(omni_robot_controller)
[0.383s] Level 1:colcon.colcon_core.environment:checking '/home/loic/ros_ws/install/omni_robot_controller' for CMake module files
[0.383s] Level 1:colcon.colcon_core.environment:checking '/home/loic/ros_ws/install/omni_robot_controller' for CMake config files
[0.383s] Level 1:colcon.colcon_core.shell:create_environment_hook('omni_robot_controller', 'cmake_prefix_path')
[0.383s] INFO:colcon.colcon_core.shell:Creating environment hook '/home/loic/ros_ws/install/omni_robot_controller/share/omni_robot_controller/hook/cmake_prefix_path.ps1'
[0.384s] INFO:colcon.colcon_core.shell:Creating environment descriptor '/home/loic/ros_ws/install/omni_robot_controller/share/omni_robot_controller/hook/cmake_prefix_path.dsv'
[0.384s] INFO:colcon.colcon_core.shell:Creating environment hook '/home/loic/ros_ws/install/omni_robot_controller/share/omni_robot_controller/hook/cmake_prefix_path.sh'
[0.384s] Level 1:colcon.colcon_core.environment:checking '/home/loic/ros_ws/install/omni_robot_controller/lib'
[0.384s] Level 1:colcon.colcon_core.environment:checking '/home/loic/ros_ws/install/omni_robot_controller/bin'
[0.384s] Level 1:colcon.colcon_core.environment:checking '/home/loic/ros_ws/install/omni_robot_controller/lib/pkgconfig/omni_robot_controller.pc'
[0.385s] Level 1:colcon.colcon_core.environment:checking '/home/loic/ros_ws/install/omni_robot_controller/lib/python3.10/site-packages'
[0.385s] Level 1:colcon.colcon_core.environment:checking '/home/loic/ros_ws/install/omni_robot_controller/bin'
[0.385s] INFO:colcon.colcon_core.shell:Creating package script '/home/loic/ros_ws/install/omni_robot_controller/share/omni_robot_controller/package.ps1'
[0.385s] INFO:colcon.colcon_core.shell:Creating package descriptor '/home/loic/ros_ws/install/omni_robot_controller/share/omni_robot_controller/package.dsv'
[0.386s] INFO:colcon.colcon_core.shell:Creating package script '/home/loic/ros_ws/install/omni_robot_controller/share/omni_robot_controller/package.sh'
[0.386s] INFO:colcon.colcon_core.shell:Creating package script '/home/loic/ros_ws/install/omni_robot_controller/share/omni_robot_controller/package.bash'
[0.386s] INFO:colcon.colcon_core.shell:Creating package script '/home/loic/ros_ws/install/omni_robot_controller/share/omni_robot_controller/package.zsh'
[0.387s] Level 1:colcon.colcon_core.environment:create_file_with_runtime_dependencies(/home/loic/ros_ws/install/omni_robot_controller/share/colcon-core/packages/omni_robot_controller)
[0.388s] Level 1:colcon.colcon_core.environment:create_environment_scripts_only(roboto)
[0.388s] Level 1:colcon.colcon_core.environment:checking '/home/loic/ros_ws/install/roboto' for CMake module files
[0.388s] DEBUG:colcon.colcon_core.event_handler.log_command:Invoked command in '/home/loic/ros_ws/build/roboto' returned '0': CMAKE_PREFIX_PATH=${CMAKE_PREFIX_PATH}:/opt/ros/humble /usr/local/bin/cmake --install /home/loic/ros_ws/build/roboto
[0.388s] Level 1:colcon.colcon_core.environment:checking '/home/loic/ros_ws/install/roboto' for CMake config files
[0.389s] Level 1:colcon.colcon_core.shell:create_environment_hook('roboto', 'cmake_prefix_path')
[0.389s] INFO:colcon.colcon_core.shell:Creating environment hook '/home/loic/ros_ws/install/roboto/share/roboto/hook/cmake_prefix_path.ps1'
[0.389s] INFO:colcon.colcon_core.shell:Creating environment descriptor '/home/loic/ros_ws/install/roboto/share/roboto/hook/cmake_prefix_path.dsv'
[0.389s] INFO:colcon.colcon_core.shell:Creating environment hook '/home/loic/ros_ws/install/roboto/share/roboto/hook/cmake_prefix_path.sh'
[0.390s] Level 1:colcon.colcon_core.environment:checking '/home/loic/ros_ws/install/roboto/bin'
[0.390s] Level 1:colcon.colcon_core.environment:checking '/home/loic/ros_ws/install/roboto/lib/pkgconfig/roboto.pc'
[0.390s] Level 1:colcon.colcon_core.environment:checking '/home/loic/ros_ws/install/roboto/lib/python3.10/site-packages'
[0.390s] Level 1:colcon.colcon_core.environment:checking '/home/loic/ros_ws/install/roboto/bin'
[0.390s] INFO:colcon.colcon_core.shell:Creating package script '/home/loic/ros_ws/install/roboto/share/roboto/package.ps1'
[0.391s] INFO:colcon.colcon_core.shell:Creating package descriptor '/home/loic/ros_ws/install/roboto/share/roboto/package.dsv'
[0.391s] INFO:colcon.colcon_core.shell:Creating package script '/home/loic/ros_ws/install/roboto/share/roboto/package.sh'
[0.391s] INFO:colcon.colcon_core.shell:Creating package script '/home/loic/ros_ws/install/roboto/share/roboto/package.bash'
[0.392s] INFO:colcon.colcon_core.shell:Creating package script '/home/loic/ros_ws/install/roboto/share/roboto/package.zsh'
[0.392s] Level 1:colcon.colcon_core.environment:create_file_with_runtime_dependencies(/home/loic/ros_ws/install/roboto/share/colcon-core/packages/roboto)
[0.392s] Level 1:colcon.colcon_core.environment:create_environment_scripts_only(roboto)
[0.393s] Level 1:colcon.colcon_core.environment:checking '/home/loic/ros_ws/install/roboto' for CMake module files
[0.393s] Level 1:colcon.colcon_core.environment:checking '/home/loic/ros_ws/install/roboto' for CMake config files
[0.393s] Level 1:colcon.colcon_core.shell:create_environment_hook('roboto', 'cmake_prefix_path')
[0.393s] INFO:colcon.colcon_core.shell:Creating environment hook '/home/loic/ros_ws/install/roboto/share/roboto/hook/cmake_prefix_path.ps1'
[0.394s] INFO:colcon.colcon_core.shell:Creating environment descriptor '/home/loic/ros_ws/install/roboto/share/roboto/hook/cmake_prefix_path.dsv'
[0.394s] INFO:colcon.colcon_core.shell:Creating environment hook '/home/loic/ros_ws/install/roboto/share/roboto/hook/cmake_prefix_path.sh'
[0.394s] Level 1:colcon.colcon_core.environment:checking '/home/loic/ros_ws/install/roboto/bin'
[0.394s] Level 1:colcon.colcon_core.environment:checking '/home/loic/ros_ws/install/roboto/lib/pkgconfig/roboto.pc'
[0.394s] Level 1:colcon.colcon_core.environment:checking '/home/loic/ros_ws/install/roboto/lib/python3.10/site-packages'
[0.395s] Level 1:colcon.colcon_core.environment:checking '/home/loic/ros_ws/install/roboto/bin'
[0.395s] INFO:colcon.colcon_core.shell:Creating package script '/home/loic/ros_ws/install/roboto/share/roboto/package.ps1'
[0.395s] INFO:colcon.colcon_core.shell:Creating package descriptor '/home/loic/ros_ws/install/roboto/share/roboto/package.dsv'
[0.396s] INFO:colcon.colcon_core.shell:Creating package script '/home/loic/ros_ws/install/roboto/share/roboto/package.sh'
[0.396s] INFO:colcon.colcon_core.shell:Creating package script '/home/loic/ros_ws/install/roboto/share/roboto/package.bash'
[0.396s] INFO:colcon.colcon_core.shell:Creating package script '/home/loic/ros_ws/install/roboto/share/roboto/package.zsh'
[0.397s] Level 1:colcon.colcon_core.environment:create_file_with_runtime_dependencies(/home/loic/ros_ws/install/roboto/share/colcon-core/packages/roboto)
[0.397s] DEBUG:colcon.colcon_parallel_executor.executor.parallel:closing loop
[0.397s] DEBUG:colcon.colcon_parallel_executor.executor.parallel:loop closed
[0.397s] DEBUG:colcon.colcon_parallel_executor.executor.parallel:run_until_complete finished with '0'
[0.397s] DEBUG:colcon.colcon_core.event_reactor:joining thread
[0.402s] INFO:colcon.colcon_core.plugin_system:Skipping extension 'colcon_notification.desktop_notification.terminal_notifier': Not used on non-Darwin systems
[0.402s] INFO:colcon.colcon_core.plugin_system:Skipping extension 'colcon_notification.desktop_notification.win32': Not used on non-Windows systems
[0.402s] INFO:colcon.colcon_notification.desktop_notification:Sending desktop notification using 'notify2'
[0.582s] DEBUG:colcon.colcon_core.event_reactor:joined thread
[0.582s] INFO:colcon.colcon_core.shell:Creating prefix script '/home/loic/ros_ws/install/local_setup.ps1'
[0.583s] INFO:colcon.colcon_core.shell:Creating prefix util module '/home/loic/ros_ws/install/_local_setup_util_ps1.py'
[0.584s] INFO:colcon.colcon_core.shell:Creating prefix chain script '/home/loic/ros_ws/install/setup.ps1'
[0.585s] INFO:colcon.colcon_core.shell:Creating prefix script '/home/loic/ros_ws/install/local_setup.sh'
[0.585s] INFO:colcon.colcon_core.shell:Creating prefix util module '/home/loic/ros_ws/install/_local_setup_util_sh.py'
[0.586s] INFO:colcon.colcon_core.shell:Creating prefix chain script '/home/loic/ros_ws/install/setup.sh'
[0.587s] INFO:colcon.colcon_core.shell:Creating prefix script '/home/loic/ros_ws/install/local_setup.bash'
[0.587s] INFO:colcon.colcon_core.shell:Creating prefix chain script '/home/loic/ros_ws/install/setup.bash'
[0.588s] INFO:colcon.colcon_core.shell:Creating prefix script '/home/loic/ros_ws/install/local_setup.zsh'
[0.588s] INFO:colcon.colcon_core.shell:Creating prefix chain script '/home/loic/ros_ws/install/setup.zsh'
