[0.084s] DEBUG:colcon:Command line arguments: ['/usr/bin/colcon', 'build']
[0.085s] DEBUG:colcon:Parsed command line arguments: Namespace(log_base=None, log_level=None, verb_name='build', build_base='build', install_base='install', merge_install=False, symlink_install=False, test_result_base=None, continue_on_error=False, executor='parallel', parallel_workers=12, event_handlers=None, ignore_user_meta=False, metas=['./colcon.meta'], base_paths=['.'], packages_ignore=None, packages_ignore_regex=None, paths=None, packages_up_to=None, packages_up_to_regex=None, packages_above=None, packages_above_and_dependencies=None, packages_above_depth=None, packages_select_by_dep=None, packages_skip_by_dep=None, packages_skip_up_to=None, packages_select_build_failed=False, packages_skip_build_finished=False, packages_select_test_failures=False, packages_skip_test_passed=False, packages_select=None, packages_skip=None, packages_select_regex=None, packages_skip_regex=None, packages_start=None, packages_end=None, allow_overriding=[], cmake_args=None, cmake_target=None, cmake_target_skip_unavailable=False, cmake_clean_cache=False, cmake_clean_first=False, cmake_force_configure=False, ament_cmake_args=None, catkin_cmake_args=None, catkin_skip_building_tests=False, mixin_files=None, mixin=None, verb_parser=<colcon_mixin.mixin.mixin_argument.MixinArgumentDecorator object at 0x77e0c3d27220>, verb_extension=<colcon_core.verb.build.BuildVerb object at 0x77e0c3d26b90>, main=<bound method BuildVerb.main of <colcon_core.verb.build.BuildVerb object at 0x77e0c3d26b90>>, mixin_verb=('build',))
[0.224s] Level 1:colcon.colcon_core.package_discovery:discover_packages(colcon_meta) check parameters
[0.224s] Level 1:colcon.colcon_core.package_discovery:discover_packages(recursive) check parameters
[0.224s] Level 1:colcon.colcon_core.package_discovery:discover_packages(ignore) check parameters
[0.224s] Level 1:colcon.colcon_core.package_discovery:discover_packages(path) check parameters
[0.224s] Level 1:colcon.colcon_core.package_discovery:discover_packages(colcon_meta) discover
[0.224s] Level 1:colcon.colcon_core.package_discovery:discover_packages(recursive) discover
[0.224s] INFO:colcon.colcon_core.package_discovery:Crawling recursively for packages in '/home/loic/ros_ws'
[0.224s] Level 1:colcon.colcon_core.package_identification:_identify(.) by extensions ['ignore', 'ignore_ament_install']
[0.225s] Level 1:colcon.colcon_core.package_identification:_identify(.) by extension 'ignore'
[0.225s] Level 1:colcon.colcon_core.package_identification:_identify(.) by extension 'ignore_ament_install'
[0.225s] Level 1:colcon.colcon_core.package_identification:_identify(.) by extensions ['colcon_pkg']
[0.225s] Level 1:colcon.colcon_core.package_identification:_identify(.) by extension 'colcon_pkg'
[0.225s] Level 1:colcon.colcon_core.package_identification:_identify(.) by extensions ['colcon_meta']
[0.225s] Level 1:colcon.colcon_core.package_identification:_identify(.) by extension 'colcon_meta'
[0.225s] Level 1:colcon.colcon_core.package_identification:_identify(.) by extensions ['ros']
[0.225s] Level 1:colcon.colcon_core.package_identification:_identify(.) by extension 'ros'
[0.234s] Level 1:colcon.colcon_core.package_identification:_identify(.) by extensions ['cmake', 'python']
[0.234s] Level 1:colcon.colcon_core.package_identification:_identify(.) by extension 'cmake'
[0.234s] Level 1:colcon.colcon_core.package_identification:_identify(.) by extension 'python'
[0.234s] Level 1:colcon.colcon_core.package_identification:_identify(.) by extensions ['python_setup_py']
[0.234s] Level 1:colcon.colcon_core.package_identification:_identify(.) by extension 'python_setup_py'
[0.234s] Level 1:colcon.colcon_core.package_identification:_identify(build) by extensions ['ignore', 'ignore_ament_install']
[0.234s] Level 1:colcon.colcon_core.package_identification:_identify(build) by extension 'ignore'
[0.234s] Level 1:colcon.colcon_core.package_identification:_identify(build) ignored
[0.234s] Level 1:colcon.colcon_core.package_identification:_identify(install) by extensions ['ignore', 'ignore_ament_install']
[0.234s] Level 1:colcon.colcon_core.package_identification:_identify(install) by extension 'ignore'
[0.234s] Level 1:colcon.colcon_core.package_identification:_identify(install) ignored
[0.234s] Level 1:colcon.colcon_core.package_identification:_identify(log) by extensions ['ignore', 'ignore_ament_install']
[0.234s] Level 1:colcon.colcon_core.package_identification:_identify(log) by extension 'ignore'
[0.234s] Level 1:colcon.colcon_core.package_identification:_identify(log) ignored
[0.235s] Level 1:colcon.colcon_core.package_identification:_identify(src) by extensions ['ignore', 'ignore_ament_install']
[0.235s] Level 1:colcon.colcon_core.package_identification:_identify(src) by extension 'ignore'
[0.235s] Level 1:colcon.colcon_core.package_identification:_identify(src) by extension 'ignore_ament_install'
[0.235s] Level 1:colcon.colcon_core.package_identification:_identify(src) by extensions ['colcon_pkg']
[0.235s] Level 1:colcon.colcon_core.package_identification:_identify(src) by extension 'colcon_pkg'
[0.235s] Level 1:colcon.colcon_core.package_identification:_identify(src) by extensions ['colcon_meta']
[0.235s] Level 1:colcon.colcon_core.package_identification:_identify(src) by extension 'colcon_meta'
[0.235s] Level 1:colcon.colcon_core.package_identification:_identify(src) by extensions ['ros']
[0.235s] Level 1:colcon.colcon_core.package_identification:_identify(src) by extension 'ros'
[0.235s] Level 1:colcon.colcon_core.package_identification:_identify(src) by extensions ['cmake', 'python']
[0.235s] Level 1:colcon.colcon_core.package_identification:_identify(src) by extension 'cmake'
[0.235s] Level 1:colcon.colcon_core.package_identification:_identify(src) by extension 'python'
[0.235s] Level 1:colcon.colcon_core.package_identification:_identify(src) by extensions ['python_setup_py']
[0.235s] Level 1:colcon.colcon_core.package_identification:_identify(src) by extension 'python_setup_py'
[0.235s] Level 1:colcon.colcon_core.package_identification:_identify(src/omni_robot_controller) by extensions ['ignore', 'ignore_ament_install']
[0.235s] Level 1:colcon.colcon_core.package_identification:_identify(src/omni_robot_controller) by extension 'ignore'
[0.235s] Level 1:colcon.colcon_core.package_identification:_identify(src/omni_robot_controller) by extension 'ignore_ament_install'
[0.235s] Level 1:colcon.colcon_core.package_identification:_identify(src/omni_robot_controller) by extensions ['colcon_pkg']
[0.235s] Level 1:colcon.colcon_core.package_identification:_identify(src/omni_robot_controller) by extension 'colcon_pkg'
[0.235s] Level 1:colcon.colcon_core.package_identification:_identify(src/omni_robot_controller) by extensions ['colcon_meta']
[0.235s] Level 1:colcon.colcon_core.package_identification:_identify(src/omni_robot_controller) by extension 'colcon_meta'
[0.235s] Level 1:colcon.colcon_core.package_identification:_identify(src/omni_robot_controller) by extensions ['ros']
[0.235s] Level 1:colcon.colcon_core.package_identification:_identify(src/omni_robot_controller) by extension 'ros'
[0.237s] DEBUG:colcon.colcon_core.package_identification:Package 'src/omni_robot_controller' with type 'ros.ament_cmake' and name 'omni_robot_controller'
[0.237s] Level 1:colcon.colcon_core.package_identification:_identify(src/roboto) by extensions ['ignore', 'ignore_ament_install']
[0.237s] Level 1:colcon.colcon_core.package_identification:_identify(src/roboto) by extension 'ignore'
[0.237s] Level 1:colcon.colcon_core.package_identification:_identify(src/roboto) by extension 'ignore_ament_install'
[0.237s] Level 1:colcon.colcon_core.package_identification:_identify(src/roboto) by extensions ['colcon_pkg']
[0.237s] Level 1:colcon.colcon_core.package_identification:_identify(src/roboto) by extension 'colcon_pkg'
[0.237s] Level 1:colcon.colcon_core.package_identification:_identify(src/roboto) by extensions ['colcon_meta']
[0.237s] Level 1:colcon.colcon_core.package_identification:_identify(src/roboto) by extension 'colcon_meta'
[0.237s] Level 1:colcon.colcon_core.package_identification:_identify(src/roboto) by extensions ['ros']
[0.238s] Level 1:colcon.colcon_core.package_identification:_identify(src/roboto) by extension 'ros'
[0.238s] DEBUG:colcon.colcon_core.package_identification:Package 'src/roboto' with type 'ros.ament_cmake' and name 'roboto'
[0.238s] Level 1:colcon.colcon_core.package_discovery:discover_packages(recursive) using defaults
[0.238s] Level 1:colcon.colcon_core.package_discovery:discover_packages(ignore) discover
[0.238s] Level 1:colcon.colcon_core.package_discovery:discover_packages(ignore) using defaults
[0.238s] Level 1:colcon.colcon_core.package_discovery:discover_packages(path) discover
[0.238s] Level 1:colcon.colcon_core.package_discovery:discover_packages(path) using defaults
[0.260s] Level 1:colcon.colcon_core.package_discovery:discover_packages(prefix_path) check parameters
[0.260s] Level 1:colcon.colcon_core.package_discovery:discover_packages(prefix_path) discover
[0.262s] DEBUG:colcon.colcon_installed_package_information.package_discovery:Found 3 installed packages in /home/loic/ros_ws/install
[0.263s] DEBUG:colcon.colcon_installed_package_information.package_discovery:Found 334 installed packages in /opt/ros/humble
[0.264s] Level 1:colcon.colcon_core.package_discovery:discover_packages(prefix_path) using defaults
[0.298s] Level 5:colcon.colcon_core.verb:set package 'omni_robot_controller' build argument 'cmake_args' from command line to 'None'
[0.298s] Level 5:colcon.colcon_core.verb:set package 'omni_robot_controller' build argument 'cmake_target' from command line to 'None'
[0.298s] Level 5:colcon.colcon_core.verb:set package 'omni_robot_controller' build argument 'cmake_target_skip_unavailable' from command line to 'False'
[0.298s] Level 5:colcon.colcon_core.verb:set package 'omni_robot_controller' build argument 'cmake_clean_cache' from command line to 'False'
[0.298s] Level 5:colcon.colcon_core.verb:set package 'omni_robot_controller' build argument 'cmake_clean_first' from command line to 'False'
[0.298s] Level 5:colcon.colcon_core.verb:set package 'omni_robot_controller' build argument 'cmake_force_configure' from command line to 'False'
[0.298s] Level 5:colcon.colcon_core.verb:set package 'omni_robot_controller' build argument 'ament_cmake_args' from command line to 'None'
[0.298s] Level 5:colcon.colcon_core.verb:set package 'omni_robot_controller' build argument 'catkin_cmake_args' from command line to 'None'
[0.298s] Level 5:colcon.colcon_core.verb:set package 'omni_robot_controller' build argument 'catkin_skip_building_tests' from command line to 'False'
[0.298s] DEBUG:colcon.colcon_core.verb:Building package 'omni_robot_controller' with the following arguments: {'ament_cmake_args': None, 'build_base': '/home/loic/ros_ws/build/omni_robot_controller', 'catkin_cmake_args': None, 'catkin_skip_building_tests': False, 'cmake_args': None, 'cmake_clean_cache': False, 'cmake_clean_first': False, 'cmake_force_configure': False, 'cmake_target': None, 'cmake_target_skip_unavailable': False, 'install_base': '/home/loic/ros_ws/install/omni_robot_controller', 'merge_install': False, 'path': '/home/loic/ros_ws/src/omni_robot_controller', 'symlink_install': False, 'test_result_base': None}
[0.298s] Level 5:colcon.colcon_core.verb:set package 'roboto' build argument 'cmake_args' from command line to 'None'
[0.298s] Level 5:colcon.colcon_core.verb:set package 'roboto' build argument 'cmake_target' from command line to 'None'
[0.298s] Level 5:colcon.colcon_core.verb:set package 'roboto' build argument 'cmake_target_skip_unavailable' from command line to 'False'
[0.298s] Level 5:colcon.colcon_core.verb:set package 'roboto' build argument 'cmake_clean_cache' from command line to 'False'
[0.298s] Level 5:colcon.colcon_core.verb:set package 'roboto' build argument 'cmake_clean_first' from command line to 'False'
[0.299s] Level 5:colcon.colcon_core.verb:set package 'roboto' build argument 'cmake_force_configure' from command line to 'False'
[0.299s] Level 5:colcon.colcon_core.verb:set package 'roboto' build argument 'ament_cmake_args' from command line to 'None'
[0.299s] Level 5:colcon.colcon_core.verb:set package 'roboto' build argument 'catkin_cmake_args' from command line to 'None'
[0.299s] Level 5:colcon.colcon_core.verb:set package 'roboto' build argument 'catkin_skip_building_tests' from command line to 'False'
[0.299s] DEBUG:colcon.colcon_core.verb:Building package 'roboto' with the following arguments: {'ament_cmake_args': None, 'build_base': '/home/loic/ros_ws/build/roboto', 'catkin_cmake_args': None, 'catkin_skip_building_tests': False, 'cmake_args': None, 'cmake_clean_cache': False, 'cmake_clean_first': False, 'cmake_force_configure': False, 'cmake_target': None, 'cmake_target_skip_unavailable': False, 'install_base': '/home/loic/ros_ws/install/roboto', 'merge_install': False, 'path': '/home/loic/ros_ws/src/roboto', 'symlink_install': False, 'test_result_base': None}
[0.299s] INFO:colcon.colcon_core.executor:Executing jobs using 'parallel' executor
[0.299s] DEBUG:colcon.colcon_parallel_executor.executor.parallel:run_until_complete
[0.300s] INFO:colcon.colcon_ros.task.ament_cmake.build:Building ROS package in '/home/loic/ros_ws/src/omni_robot_controller' with build type 'ament_cmake'
[0.300s] INFO:colcon.colcon_cmake.task.cmake.build:Building CMake package in '/home/loic/ros_ws/src/omni_robot_controller'
[0.301s] INFO:colcon.colcon_core.plugin_system:Skipping extension 'colcon_core.shell.bat': Not used on non-Windows systems
[0.301s] INFO:colcon.colcon_core.shell:Skip shell extension 'powershell' for command environment: Not usable outside of PowerShell
[0.302s] DEBUG:colcon.colcon_core.shell:Skip shell extension 'dsv' for command environment
[0.304s] INFO:colcon.colcon_ros.task.ament_cmake.build:Building ROS package in '/home/loic/ros_ws/src/roboto' with build type 'ament_cmake'
[0.305s] INFO:colcon.colcon_cmake.task.cmake.build:Building CMake package in '/home/loic/ros_ws/src/roboto'
[0.305s] INFO:colcon.colcon_core.shell:Skip shell extension 'powershell' for command environment: Not usable outside of PowerShell
[0.305s] DEBUG:colcon.colcon_core.shell:Skip shell extension 'dsv' for command environment
[0.311s] DEBUG:colcon.colcon_core.event_handler.log_command:Invoking command in '/home/loic/ros_ws/build/omni_robot_controller': CMAKE_PREFIX_PATH=${CMAKE_PREFIX_PATH}:/opt/ros/humble /usr/local/bin/cmake --build /home/loic/ros_ws/build/omni_robot_controller -- -j12 -l12
[0.315s] DEBUG:colcon.colcon_core.event_handler.log_command:Invoking command in '/home/loic/ros_ws/build/roboto': CMAKE_PREFIX_PATH=${CMAKE_PREFIX_PATH}:/opt/ros/humble /usr/local/bin/cmake --build /home/loic/ros_ws/build/roboto -- -j12 -l12
[0.329s] DEBUG:colcon.colcon_core.event_handler.log_command:Invoked command in '/home/loic/ros_ws/build/omni_robot_controller' returned '0': CMAKE_PREFIX_PATH=${CMAKE_PREFIX_PATH}:/opt/ros/humble /usr/local/bin/cmake --build /home/loic/ros_ws/build/omni_robot_controller -- -j12 -l12
[0.334s] DEBUG:colcon.colcon_core.event_handler.log_command:Invoking command in '/home/loic/ros_ws/build/omni_robot_controller': CMAKE_PREFIX_PATH=${CMAKE_PREFIX_PATH}:/opt/ros/humble /usr/local/bin/cmake --install /home/loic/ros_ws/build/omni_robot_controller
[0.335s] DEBUG:colcon.colcon_core.event_handler.log_command:Invoked command in '/home/loic/ros_ws/build/roboto' returned '0': CMAKE_PREFIX_PATH=${CMAKE_PREFIX_PATH}:/opt/ros/humble /usr/local/bin/cmake --build /home/loic/ros_ws/build/roboto -- -j12 -l12
[0.336s] DEBUG:colcon.colcon_core.event_handler.log_command:Invoking command in '/home/loic/ros_ws/build/roboto': CMAKE_PREFIX_PATH=${CMAKE_PREFIX_PATH}:/opt/ros/humble /usr/local/bin/cmake --install /home/loic/ros_ws/build/roboto
[0.338s] Level 1:colcon.colcon_core.environment:create_environment_scripts_only(omni_robot_controller)
[0.338s] DEBUG:colcon.colcon_core.event_handler.log_command:Invoked command in '/home/loic/ros_ws/build/omni_robot_controller' returned '0': CMAKE_PREFIX_PATH=${CMAKE_PREFIX_PATH}:/opt/ros/humble /usr/local/bin/cmake --install /home/loic/ros_ws/build/omni_robot_controller
[0.344s] Level 1:colcon.colcon_core.environment:checking '/home/loic/ros_ws/install/omni_robot_controller' for CMake module files
[0.344s] Level 1:colcon.colcon_core.environment:checking '/home/loic/ros_ws/install/omni_robot_controller' for CMake config files
[0.344s] Level 1:colcon.colcon_core.shell:create_environment_hook('omni_robot_controller', 'cmake_prefix_path')
[0.344s] INFO:colcon.colcon_core.shell:Creating environment hook '/home/loic/ros_ws/install/omni_robot_controller/share/omni_robot_controller/hook/cmake_prefix_path.ps1'
[0.345s] INFO:colcon.colcon_core.shell:Creating environment descriptor '/home/loic/ros_ws/install/omni_robot_controller/share/omni_robot_controller/hook/cmake_prefix_path.dsv'
[0.345s] INFO:colcon.colcon_core.shell:Creating environment hook '/home/loic/ros_ws/install/omni_robot_controller/share/omni_robot_controller/hook/cmake_prefix_path.sh'
[0.346s] Level 1:colcon.colcon_core.environment:checking '/home/loic/ros_ws/install/omni_robot_controller/lib'
[0.346s] Level 1:colcon.colcon_core.environment:checking '/home/loic/ros_ws/install/omni_robot_controller/bin'
[0.346s] Level 1:colcon.colcon_core.environment:checking '/home/loic/ros_ws/install/omni_robot_controller/lib/pkgconfig/omni_robot_controller.pc'
[0.346s] Level 1:colcon.colcon_core.environment:checking '/home/loic/ros_ws/install/omni_robot_controller/lib/python3.10/site-packages'
[0.346s] Level 1:colcon.colcon_core.environment:checking '/home/loic/ros_ws/install/omni_robot_controller/bin'
[0.347s] INFO:colcon.colcon_core.shell:Creating package script '/home/loic/ros_ws/install/omni_robot_controller/share/omni_robot_controller/package.ps1'
[0.347s] INFO:colcon.colcon_core.shell:Creating package descriptor '/home/loic/ros_ws/install/omni_robot_controller/share/omni_robot_controller/package.dsv'
[0.348s] INFO:colcon.colcon_core.shell:Creating package script '/home/loic/ros_ws/install/omni_robot_controller/share/omni_robot_controller/package.sh'
[0.348s] INFO:colcon.colcon_core.shell:Creating package script '/home/loic/ros_ws/install/omni_robot_controller/share/omni_robot_controller/package.bash'
[0.349s] INFO:colcon.colcon_core.shell:Creating package script '/home/loic/ros_ws/install/omni_robot_controller/share/omni_robot_controller/package.zsh'
[0.349s] Level 1:colcon.colcon_core.environment:create_file_with_runtime_dependencies(/home/loic/ros_ws/install/omni_robot_controller/share/colcon-core/packages/omni_robot_controller)
[0.350s] Level 1:colcon.colcon_core.environment:create_environment_scripts_only(omni_robot_controller)
[0.350s] Level 1:colcon.colcon_core.environment:checking '/home/loic/ros_ws/install/omni_robot_controller' for CMake module files
[0.350s] Level 1:colcon.colcon_core.environment:checking '/home/loic/ros_ws/install/omni_robot_controller' for CMake config files
[0.351s] Level 1:colcon.colcon_core.shell:create_environment_hook('omni_robot_controller', 'cmake_prefix_path')
[0.351s] INFO:colcon.colcon_core.shell:Creating environment hook '/home/loic/ros_ws/install/omni_robot_controller/share/omni_robot_controller/hook/cmake_prefix_path.ps1'
[0.351s] INFO:colcon.colcon_core.shell:Creating environment descriptor '/home/loic/ros_ws/install/omni_robot_controller/share/omni_robot_controller/hook/cmake_prefix_path.dsv'
[0.351s] INFO:colcon.colcon_core.shell:Creating environment hook '/home/loic/ros_ws/install/omni_robot_controller/share/omni_robot_controller/hook/cmake_prefix_path.sh'
[0.352s] Level 1:colcon.colcon_core.environment:checking '/home/loic/ros_ws/install/omni_robot_controller/lib'
[0.352s] Level 1:colcon.colcon_core.environment:checking '/home/loic/ros_ws/install/omni_robot_controller/bin'
[0.352s] Level 1:colcon.colcon_core.environment:checking '/home/loic/ros_ws/install/omni_robot_controller/lib/pkgconfig/omni_robot_controller.pc'
[0.352s] Level 1:colcon.colcon_core.environment:checking '/home/loic/ros_ws/install/omni_robot_controller/lib/python3.10/site-packages'
[0.352s] Level 1:colcon.colcon_core.environment:checking '/home/loic/ros_ws/install/omni_robot_controller/bin'
[0.353s] INFO:colcon.colcon_core.shell:Creating package script '/home/loic/ros_ws/install/omni_robot_controller/share/omni_robot_controller/package.ps1'
[0.353s] INFO:colcon.colcon_core.shell:Creating package descriptor '/home/loic/ros_ws/install/omni_robot_controller/share/omni_robot_controller/package.dsv'
[0.353s] INFO:colcon.colcon_core.shell:Creating package script '/home/loic/ros_ws/install/omni_robot_controller/share/omni_robot_controller/package.sh'
[0.354s] INFO:colcon.colcon_core.shell:Creating package script '/home/loic/ros_ws/install/omni_robot_controller/share/omni_robot_controller/package.bash'
[0.354s] INFO:colcon.colcon_core.shell:Creating package script '/home/loic/ros_ws/install/omni_robot_controller/share/omni_robot_controller/package.zsh'
[0.354s] Level 1:colcon.colcon_core.environment:create_file_with_runtime_dependencies(/home/loic/ros_ws/install/omni_robot_controller/share/colcon-core/packages/omni_robot_controller)
[0.355s] Level 1:colcon.colcon_core.environment:create_environment_scripts_only(roboto)
[0.355s] Level 1:colcon.colcon_core.environment:checking '/home/loic/ros_ws/install/roboto' for CMake module files
[0.356s] DEBUG:colcon.colcon_core.event_handler.log_command:Invoked command in '/home/loic/ros_ws/build/roboto' returned '0': CMAKE_PREFIX_PATH=${CMAKE_PREFIX_PATH}:/opt/ros/humble /usr/local/bin/cmake --install /home/loic/ros_ws/build/roboto
[0.356s] Level 1:colcon.colcon_core.environment:checking '/home/loic/ros_ws/install/roboto' for CMake config files
[0.356s] Level 1:colcon.colcon_core.shell:create_environment_hook('roboto', 'cmake_prefix_path')
[0.356s] INFO:colcon.colcon_core.shell:Creating environment hook '/home/loic/ros_ws/install/roboto/share/roboto/hook/cmake_prefix_path.ps1'
[0.356s] INFO:colcon.colcon_core.shell:Creating environment descriptor '/home/loic/ros_ws/install/roboto/share/roboto/hook/cmake_prefix_path.dsv'
[0.357s] INFO:colcon.colcon_core.shell:Creating environment hook '/home/loic/ros_ws/install/roboto/share/roboto/hook/cmake_prefix_path.sh'
[0.357s] Level 1:colcon.colcon_core.environment:checking '/home/loic/ros_ws/install/roboto/bin'
[0.357s] Level 1:colcon.colcon_core.environment:checking '/home/loic/ros_ws/install/roboto/lib/pkgconfig/roboto.pc'
[0.357s] Level 1:colcon.colcon_core.environment:checking '/home/loic/ros_ws/install/roboto/lib/python3.10/site-packages'
[0.358s] Level 1:colcon.colcon_core.environment:checking '/home/loic/ros_ws/install/roboto/bin'
[0.358s] INFO:colcon.colcon_core.shell:Creating package script '/home/loic/ros_ws/install/roboto/share/roboto/package.ps1'
[0.358s] INFO:colcon.colcon_core.shell:Creating package descriptor '/home/loic/ros_ws/install/roboto/share/roboto/package.dsv'
[0.359s] INFO:colcon.colcon_core.shell:Creating package script '/home/loic/ros_ws/install/roboto/share/roboto/package.sh'
[0.359s] INFO:colcon.colcon_core.shell:Creating package script '/home/loic/ros_ws/install/roboto/share/roboto/package.bash'
[0.359s] INFO:colcon.colcon_core.shell:Creating package script '/home/loic/ros_ws/install/roboto/share/roboto/package.zsh'
[0.360s] Level 1:colcon.colcon_core.environment:create_file_with_runtime_dependencies(/home/loic/ros_ws/install/roboto/share/colcon-core/packages/roboto)
[0.360s] Level 1:colcon.colcon_core.environment:create_environment_scripts_only(roboto)
[0.360s] Level 1:colcon.colcon_core.environment:checking '/home/loic/ros_ws/install/roboto' for CMake module files
[0.361s] Level 1:colcon.colcon_core.environment:checking '/home/loic/ros_ws/install/roboto' for CMake config files
[0.361s] Level 1:colcon.colcon_core.shell:create_environment_hook('roboto', 'cmake_prefix_path')
[0.361s] INFO:colcon.colcon_core.shell:Creating environment hook '/home/loic/ros_ws/install/roboto/share/roboto/hook/cmake_prefix_path.ps1'
[0.361s] INFO:colcon.colcon_core.shell:Creating environment descriptor '/home/loic/ros_ws/install/roboto/share/roboto/hook/cmake_prefix_path.dsv'
[0.362s] INFO:colcon.colcon_core.shell:Creating environment hook '/home/loic/ros_ws/install/roboto/share/roboto/hook/cmake_prefix_path.sh'
[0.362s] Level 1:colcon.colcon_core.environment:checking '/home/loic/ros_ws/install/roboto/bin'
[0.362s] Level 1:colcon.colcon_core.environment:checking '/home/loic/ros_ws/install/roboto/lib/pkgconfig/roboto.pc'
[0.362s] Level 1:colcon.colcon_core.environment:checking '/home/loic/ros_ws/install/roboto/lib/python3.10/site-packages'
[0.363s] Level 1:colcon.colcon_core.environment:checking '/home/loic/ros_ws/install/roboto/bin'
[0.363s] INFO:colcon.colcon_core.shell:Creating package script '/home/loic/ros_ws/install/roboto/share/roboto/package.ps1'
[0.363s] INFO:colcon.colcon_core.shell:Creating package descriptor '/home/loic/ros_ws/install/roboto/share/roboto/package.dsv'
[0.364s] INFO:colcon.colcon_core.shell:Creating package script '/home/loic/ros_ws/install/roboto/share/roboto/package.sh'
[0.364s] INFO:colcon.colcon_core.shell:Creating package script '/home/loic/ros_ws/install/roboto/share/roboto/package.bash'
[0.364s] INFO:colcon.colcon_core.shell:Creating package script '/home/loic/ros_ws/install/roboto/share/roboto/package.zsh'
[0.365s] Level 1:colcon.colcon_core.environment:create_file_with_runtime_dependencies(/home/loic/ros_ws/install/roboto/share/colcon-core/packages/roboto)
[0.365s] DEBUG:colcon.colcon_parallel_executor.executor.parallel:closing loop
[0.365s] DEBUG:colcon.colcon_parallel_executor.executor.parallel:loop closed
[0.365s] DEBUG:colcon.colcon_parallel_executor.executor.parallel:run_until_complete finished with '0'
[0.365s] DEBUG:colcon.colcon_core.event_reactor:joining thread
[0.370s] INFO:colcon.colcon_core.plugin_system:Skipping extension 'colcon_notification.desktop_notification.terminal_notifier': Not used on non-Darwin systems
[0.370s] INFO:colcon.colcon_core.plugin_system:Skipping extension 'colcon_notification.desktop_notification.win32': Not used on non-Windows systems
[0.370s] INFO:colcon.colcon_notification.desktop_notification:Sending desktop notification using 'notify2'
[0.492s] DEBUG:colcon.colcon_core.event_reactor:joined thread
[0.493s] INFO:colcon.colcon_core.shell:Creating prefix script '/home/loic/ros_ws/install/local_setup.ps1'
[0.494s] INFO:colcon.colcon_core.shell:Creating prefix util module '/home/loic/ros_ws/install/_local_setup_util_ps1.py'
[0.495s] INFO:colcon.colcon_core.shell:Creating prefix chain script '/home/loic/ros_ws/install/setup.ps1'
[0.496s] INFO:colcon.colcon_core.shell:Creating prefix script '/home/loic/ros_ws/install/local_setup.sh'
[0.496s] INFO:colcon.colcon_core.shell:Creating prefix util module '/home/loic/ros_ws/install/_local_setup_util_sh.py'
[0.497s] INFO:colcon.colcon_core.shell:Creating prefix chain script '/home/loic/ros_ws/install/setup.sh'
[0.497s] INFO:colcon.colcon_core.shell:Creating prefix script '/home/loic/ros_ws/install/local_setup.bash'
[0.498s] INFO:colcon.colcon_core.shell:Creating prefix chain script '/home/loic/ros_ws/install/setup.bash'
[0.499s] INFO:colcon.colcon_core.shell:Creating prefix script '/home/loic/ros_ws/install/local_setup.zsh'
[0.499s] INFO:colcon.colcon_core.shell:Creating prefix chain script '/home/loic/ros_ws/install/setup.zsh'
