[0.011s] Invoking command in '/home/loic/ros_ws/build/omni_robot_controller': CMAKE_PREFIX_PATH=${CMAKE_PREFIX_PATH}:/opt/ros/humble /usr/local/bin/cmake --build /home/loic/ros_ws/build/omni_robot_controller -- -j12 -l12
[0.030s] Invoked command in '/home/loic/ros_ws/build/omni_robot_controller' returned '0': CMAKE_PREFIX_PATH=${CMAKE_PREFIX_PATH}:/opt/ros/humble /usr/local/bin/cmake --build /home/loic/ros_ws/build/omni_robot_controller -- -j12 -l12
[0.035s] Invoking command in '/home/loic/ros_ws/build/omni_robot_controller': CMAKE_PREFIX_PATH=${CMAKE_PREFIX_PATH}:/opt/ros/humble /usr/local/bin/cmake --install /home/loic/ros_ws/build/omni_robot_controller
[0.038s] -- Install configuration: ""
[0.038s] -- Up-to-date: /home/loic/ros_ws/install/omni_robot_controller/lib/omni_robot_controller/omni_control.py
[0.038s] -- Up-to-date: /home/loic/ros_ws/install/omni_robot_controller/lib/omni_robot_controller/robot_control.py
[0.038s] -- Up-to-date: /home/loic/ros_ws/install/omni_robot_controller/share/omni_robot_controller/launch
[0.038s] -- Up-to-date: /home/loic/ros_ws/install/omni_robot_controller/share/omni_robot_controller/launch/try_control.launch.py
[0.038s] -- Up-to-date: /home/loic/ros_ws/install/omni_robot_controller/share/omni_robot_controller/launch/omni_control.launch.py
[0.038s] -- Up-to-date: /home/loic/ros_ws/install/omni_robot_controller/share/omni_robot_controller/code
[0.038s] -- Up-to-date: /home/loic/ros_ws/install/omni_robot_controller/share/omni_robot_controller/code/robot_control.py
[0.038s] -- Up-to-date: /home/loic/ros_ws/install/omni_robot_controller/share/omni_robot_controller/code/omni_control.py
[0.038s] -- Up-to-date: /home/loic/ros_ws/install/omni_robot_controller/share/ament_index/resource_index/package_run_dependencies/omni_robot_controller
[0.038s] -- Up-to-date: /home/loic/ros_ws/install/omni_robot_controller/share/ament_index/resource_index/parent_prefix_path/omni_robot_controller
[0.039s] -- Up-to-date: /home/loic/ros_ws/install/omni_robot_controller/share/omni_robot_controller/environment/ament_prefix_path.sh
[0.039s] -- Up-to-date: /home/loic/ros_ws/install/omni_robot_controller/share/omni_robot_controller/environment/ament_prefix_path.dsv
[0.039s] -- Up-to-date: /home/loic/ros_ws/install/omni_robot_controller/share/omni_robot_controller/environment/path.sh
[0.039s] -- Up-to-date: /home/loic/ros_ws/install/omni_robot_controller/share/omni_robot_controller/environment/path.dsv
[0.039s] -- Up-to-date: /home/loic/ros_ws/install/omni_robot_controller/share/omni_robot_controller/local_setup.bash
[0.039s] -- Up-to-date: /home/loic/ros_ws/install/omni_robot_controller/share/omni_robot_controller/local_setup.sh
[0.039s] -- Up-to-date: /home/loic/ros_ws/install/omni_robot_controller/share/omni_robot_controller/local_setup.zsh
[0.039s] -- Up-to-date: /home/loic/ros_ws/install/omni_robot_controller/share/omni_robot_controller/local_setup.dsv
[0.039s] -- Installing: /home/loic/ros_ws/install/omni_robot_controller/share/omni_robot_controller/package.dsv
[0.039s] -- Up-to-date: /home/loic/ros_ws/install/omni_robot_controller/share/ament_index/resource_index/packages/omni_robot_controller
[0.039s] -- Up-to-date: /home/loic/ros_ws/install/omni_robot_controller/share/omni_robot_controller/cmake/omni_robot_controllerConfig.cmake
[0.039s] -- Up-to-date: /home/loic/ros_ws/install/omni_robot_controller/share/omni_robot_controller/cmake/omni_robot_controllerConfig-version.cmake
[0.040s] -- Up-to-date: /home/loic/ros_ws/install/omni_robot_controller/share/omni_robot_controller/package.xml
[0.042s] Invoked command in '/home/loic/ros_ws/build/omni_robot_controller' returned '0': CMAKE_PREFIX_PATH=${CMAKE_PREFIX_PATH}:/opt/ros/humble /usr/local/bin/cmake --install /home/loic/ros_ws/build/omni_robot_controller
